{"level":"info","message":"collection officialcharts deleted","timestamp":"10:55:34 AM"}
{"id":"2","title":"Perfect","author":"ANNE-MARIE","url":"2Vv-BfVoq4g","level":"info","message":"","timestamp":"10:55:34 AM"}
{"level":"info","message":"inserted songs to collection officialcharts","timestamp":"10:55:34 AM"}
{"level":"info","message":"1 document inserted to billboards collection","timestamp":"10:55:35 AM"}
{"level":"info","message":"resolved","timestamp":"10:55:36 AM"}
{"level":"info","message":"______________________________________________","timestamp":"10:55:36 AM"}
{"level":"info","message":"calling","timestamp":"10:55:36 AM"}
{"id":"3","title":"Finesse","author":"Bruno Mars & Cardi B","url":"LsoLEjrDogU","level":"info","message":"","timestamp":"10:55:36 AM"}
{"level":"info","message":"1 document inserted to billboards collection","timestamp":"10:55:37 AM"}
{"level":"info","message":"resolved","timestamp":"10:55:39 AM"}
{"level":"info","message":"______________________________________________","timestamp":"10:55:39 AM"}
{"level":"info","message":"calling","timestamp":"10:55:39 AM"}
{"id":"4","title":"Havana","author":"Camila Cabello Featuring Young Thug","url":"BQ0mxQXmLsk","level":"info","message":"","timestamp":"10:55:39 AM"}
{"level":"info","message":"1 document inserted to billboards collection","timestamp":"10:55:39 AM"}
{"level":"info","message":"resolved","timestamp":"10:55:42 AM"}
{"level":"info","message":"______________________________________________","timestamp":"10:55:42 AM"}
{"level":"info","message":"calling","timestamp":"10:55:42 AM"}
{"id":"5","title":"Rockstar","author":"Post Malone Featuring 21 Savage","url":"UceaB4D0jpo","level":"info","message":"","timestamp":"10:55:43 AM"}
{"level":"info","message":"1 document inserted to billboards collection","timestamp":"10:55:43 AM"}
{"level":"info","message":"resolved","timestamp":"10:55:45 AM"}
{"level":"info","message":"______________________________________________","timestamp":"10:55:45 AM"}
{"level":"info","message":"calling","timestamp":"10:55:45 AM"}
{"id":"6","title":"Bad At Love","author":"Halsey","url":"xdYFuCp3m9k","level":"info","message":"","timestamp":"10:55:45 AM"}
{"level":"info","message":"1 document inserted to billboards collection","timestamp":"10:55:46 AM"}
{"level":"info","message":"resolved","timestamp":"10:55:48 AM"}
{"level":"info","message":"______________________________________________","timestamp":"10:55:49 AM"}
{"level":"info","message":"calling","timestamp":"10:55:49 AM"}
{"id":"7","title":"New Rules","author":"Dua Lipa","url":"k2qgadSvNyU","level":"info","message":"","timestamp":"10:55:49 AM"}
{"level":"info","message":"1 document inserted to billboards collection","timestamp":"10:55:49 AM"}
{"level":"info","message":"resolved","timestamp":"10:55:52 AM"}
{"level":"info","message":"______________________________________________","timestamp":"10:55:52 AM"}
{"level":"info","message":"calling","timestamp":"10:55:52 AM"}
{"id":"8","title":"MotorSport","author":"Migos, Nicki Minaj & Cardi B","url":"9v_rtaye2yY","level":"info","message":"","timestamp":"10:55:52 AM"}
{"level":"info","message":"1 document inserted to billboards collection","timestamp":"10:55:52 AM"}
{"level":"info","message":"resolved","timestamp":"10:55:55 AM"}
{"level":"info","message":"______________________________________________","timestamp":"10:55:55 AM"}
{"level":"info","message":"calling","timestamp":"10:55:55 AM"}
{"id":"9","title":"Say Something","author":"Justin Timberlake Featuring Chris Stapleton","url":"8MPbR6Cbwi4","level":"info","message":"","timestamp":"10:55:55 AM"}
{"level":"info","message":"1 document inserted to billboards collection","timestamp":"10:55:55 AM"}
{"level":"info","message":"resolved","timestamp":"10:55:58 AM"}
{"level":"info","message":"______________________________________________","timestamp":"10:55:58 AM"}
{"level":"info","message":"calling","timestamp":"10:55:58 AM"}
{"id":"10","title":"Thunder","author":"Imagine Dragons","url":"fKopy74weus","level":"info","message":"","timestamp":"10:55:58 AM"}
{"level":"info","message":"1 document inserted to billboards collection","timestamp":"10:55:59 AM"}
{"level":"info","message":"resolved","timestamp":"10:56:01 AM"}
{"level":"info","message":"______________________________________________","timestamp":"10:56:01 AM"}
{"level":"info","message":"calling","timestamp":"10:56:01 AM"}
{"id":"11","title":"Meant To Be","author":"Bebe Rexha & Florida Georgia Line","url":"zDo0H8Fm7d0","level":"info","message":"","timestamp":"10:56:01 AM"}
{"level":"info","message":"1 document inserted to billboards collection","timestamp":"10:56:01 AM"}
{"level":"info","message":"resolved","timestamp":"10:56:04 AM"}
{"level":"info","message":"______________________________________________","timestamp":"10:56:04 AM"}
{"level":"info","message":"calling","timestamp":"10:56:04 AM"}
{"id":"12","title":"Stir Fry","author":"Migos","url":"HI-mXMr8glQ","level":"info","message":"","timestamp":"10:56:04 AM"}
{"level":"info","message":"1 document inserted to billboards collection","timestamp":"10:56:05 AM"}
{"level":"info","message":"resolved","timestamp":"10:56:07 AM"}
{"level":"info","message":"______________________________________________","timestamp":"10:56:07 AM"}
{"level":"info","message":"calling","timestamp":"10:56:07 AM"}
{"id":"13","title":"No Limit","author":"G-Eazy Featuring A$AP Rocky & Cardi B","url":"PGfSaVDymjk","level":"info","message":"","timestamp":"10:56:07 AM"}
{"level":"info","message":"1 document inserted to billboards collection","timestamp":"10:56:07 AM"}
{"level":"info","message":"resolved","timestamp":"10:56:10 AM"}
{"level":"info","message":"______________________________________________","timestamp":"10:56:10 AM"}
{"level":"info","message":"calling","timestamp":"10:56:10 AM"}
{"id":"14","title":"Let You Down","author":"NF","url":"0501BTnbrxg","level":"info","message":"","timestamp":"10:56:11 AM"}
{"level":"info","message":"1 document inserted to billboards collection","timestamp":"10:56:11 AM"}
{"level":"info","message":"resolved","timestamp":"10:56:13 AM"}
{"level":"info","message":"______________________________________________","timestamp":"10:56:13 AM"}
{"level":"info","message":"calling","timestamp":"10:56:13 AM"}
{"id":"15","title":"Love.","author":"Kendrick Lamar Featuring Zacari","url":"ox7RsX1Ee34","level":"info","message":"","timestamp":"10:56:13 AM"}
{"level":"info","message":"1 document inserted to billboards collection","timestamp":"10:56:13 AM"}
{"level":"info","message":"resolved","timestamp":"10:56:16 AM"}
{"level":"info","message":"______________________________________________","timestamp":"10:56:16 AM"}
{"level":"info","message":"calling","timestamp":"10:56:16 AM"}
{"id":"16","title":"Him & I","author":"G-Eazy & Halsey","url":"SA7AIQw-7Ms","level":"info","message":"","timestamp":"10:56:17 AM"}
{"level":"info","message":"1 document inserted to billboards collection","timestamp":"10:56:17 AM"}
{"level":"info","message":"resolved","timestamp":"10:56:19 AM"}
{"level":"info","message":"______________________________________________","timestamp":"10:56:19 AM"}
{"level":"info","message":"calling","timestamp":"10:56:19 AM"}
{"id":"17","title":"I Fall Apart","author":"Post Malone","url":"7a66clRobKI","level":"info","message":"","timestamp":"10:56:19 AM"}
{"level":"info","message":"1 document inserted to billboards collection","timestamp":"10:56:19 AM"}
{"level":"info","message":"resolved","timestamp":"10:56:22 AM"}
{"level":"info","message":"______________________________________________","timestamp":"10:56:22 AM"}
{"level":"info","message":"calling","timestamp":"10:56:22 AM"}
{"id":"18","title":"Walk It Talk It","author":"Migos Featuring Drake","url":"c-BynNHHbrQ","level":"info","message":"","timestamp":"10:56:23 AM"}
{"level":"info","message":"1 document inserted to billboards collection","timestamp":"10:56:23 AM"}
{"level":"info","message":"resolved","timestamp":"10:56:25 AM"}
{"level":"info","message":"______________________________________________","timestamp":"10:56:25 AM"}
{"level":"info","message":"calling","timestamp":"10:56:25 AM"}
{"id":"19","title":"Bartier Cardi","author":"Cardi B Featuring 21 Savage","url":"sXP6vliZIHI","level":"info","message":"","timestamp":"10:56:25 AM"}
{"level":"info","message":"1 document inserted to billboards collection","timestamp":"10:56:25 AM"}
{"level":"info","message":"resolved","timestamp":"10:56:28 AM"}
{"level":"info","message":"______________________________________________","timestamp":"10:56:28 AM"}
{"level":"info","message":"calling","timestamp":"10:56:28 AM"}
{"id":"20","title":"Too Good At Goodbyes","author":"Sam Smith","url":"J_ub7Etch2U","level":"info","message":"","timestamp":"10:56:29 AM"}
{"level":"info","message":"1 document inserted to billboards collection","timestamp":"10:56:29 AM"}
{"level":"info","message":"resolved","timestamp":"10:56:31 AM"}
{"level":"info","message":"______________________________________________","timestamp":"10:56:31 AM"}
{"level":"info","message":"calling","timestamp":"10:56:31 AM"}
{"id":"21","title":"How Long","author":"Charlie Puth","url":"CwfoyVa980U","level":"info","message":"","timestamp":"10:56:31 AM"}
{"level":"info","message":"1 document inserted to billboards collection","timestamp":"10:56:32 AM"}
{"level":"info","message":"resolved","timestamp":"10:56:34 AM"}
{"level":"info","message":"______________________________________________","timestamp":"10:56:34 AM"}
{"level":"info","message":"calling","timestamp":"10:56:34 AM"}
{"id":"22","title":"Shape Of You","author":"Ed Sheeran","url":"JGwWNGJdvx8","level":"info","message":"","timestamp":"10:56:35 AM"}
{"level":"info","message":"1 document inserted to billboards collection","timestamp":"10:56:35 AM"}
{"level":"info","message":"resolved","timestamp":"10:56:37 AM"}
{"level":"info","message":"______________________________________________","timestamp":"10:56:37 AM"}
{"level":"info","message":"calling","timestamp":"10:56:37 AM"}
{"id":"23","title":"The Middle","author":"Zedd, Maren Morris & Grey","url":"Lj6Y6JCu-l4","level":"info","message":"","timestamp":"10:56:38 AM"}
{"level":"info","message":"1 document inserted to billboards collection","timestamp":"10:56:38 AM"}
{"level":"info","message":"resolved","timestamp":"10:56:40 AM"}
{"level":"info","message":"______________________________________________","timestamp":"10:56:40 AM"}
{"level":"info","message":"calling","timestamp":"10:56:40 AM"}
{"id":"24","title":"Gummo","author":"6ix9ine","url":"gAs9HZC9c7Y","level":"info","message":"","timestamp":"10:56:41 AM"}
{"level":"info","message":"1 document inserted to billboards collection","timestamp":"10:56:41 AM"}
{"level":"info","message":"resolved","timestamp":"10:56:43 AM"}
{"level":"info","message":"______________________________________________","timestamp":"10:56:43 AM"}
{"level":"info","message":"calling","timestamp":"10:56:43 AM"}
{"id":"25","title":"Bodak Yellow (Money Moves)","author":"Cardi B","url":"PEGccV-NOm8","level":"info","message":"","timestamp":"10:56:44 AM"}
{"level":"info","message":"1 document inserted to billboards collection","timestamp":"10:56:44 AM"}
{"level":"info","message":"resolved","timestamp":"10:56:46 AM"}
{"level":"info","message":"______________________________________________","timestamp":"10:56:47 AM"}
{"level":"info","message":"calling","timestamp":"10:56:47 AM"}
{"id":"26","title":"Gucci Gang","author":"Lil Pump","url":"4LfJnj66HVQ","level":"info","message":"","timestamp":"10:56:48 AM"}
{"level":"info","message":"1 document inserted to billboards collection","timestamp":"10:56:48 AM"}
{"level":"info","message":"resolved","timestamp":"10:56:50 AM"}
{"level":"info","message":"______________________________________________","timestamp":"10:56:50 AM"}
{"level":"info","message":"calling","timestamp":"10:56:50 AM"}
{"id":"27","title":"Feel It Still","author":"Portugal. The Man","url":"pBkHHoOIIn8","level":"info","message":"","timestamp":"10:56:50 AM"}
{"level":"info","message":"1 document inserted to billboards collection","timestamp":"10:56:50 AM"}
{"level":"info","message":"resolved","timestamp":"10:56:53 AM"}
{"level":"info","message":"______________________________________________","timestamp":"10:56:53 AM"}
{"level":"info","message":"calling","timestamp":"10:56:53 AM"}
{"id":"28","title":"You Make It Easy","author":"Jason Aldean","url":"jLCHpZ6B1gU","level":"info","message":"","timestamp":"10:56:53 AM"}
{"level":"info","message":"1 document inserted to billboards collection","timestamp":"10:56:53 AM"}
{"level":"info","message":"resolved","timestamp":"10:56:56 AM"}
{"level":"info","message":"______________________________________________","timestamp":"10:56:56 AM"}
{"level":"info","message":"calling","timestamp":"10:56:56 AM"}
{"id":"29","title":"Believer","author":"Imagine Dragons","url":"7wtfhZwyrcc","level":"info","message":"","timestamp":"10:56:57 AM"}
{"level":"info","message":"1 document inserted to billboards collection","timestamp":"10:56:57 AM"}
{"level":"info","message":"resolved","timestamp":"10:56:59 AM"}
{"level":"info","message":"______________________________________________","timestamp":"10:56:59 AM"}
{"level":"info","message":"calling","timestamp":"10:56:59 AM"}
{"id":"30","title":"Wolves","author":"Selena Gomez X Marshmello","url":"cH4E_t3m3xM","level":"info","message":"","timestamp":"10:56:59 AM"}
{"level":"info","message":"1 document inserted to billboards collection","timestamp":"10:56:59 AM"}
{"level":"info","message":"resolved","timestamp":"10:57:02 AM"}
{"level":"info","message":"______________________________________________","timestamp":"10:57:02 AM"}
{"level":"info","message":"calling","timestamp":"10:57:02 AM"}
{"id":"31","title":"Sky Walker","author":"Miguel Featuring Travis Scott","url":"76O3w4pt0CA","level":"info","message":"","timestamp":"10:57:03 AM"}
{"level":"info","message":"1 document inserted to billboards collection","timestamp":"10:57:03 AM"}
{"level":"info","message":"resolved","timestamp":"10:57:05 AM"}
{"level":"info","message":"______________________________________________","timestamp":"10:57:05 AM"}
{"level":"info","message":"calling","timestamp":"10:57:05 AM"}
{"id":"32","title":"Never Be The Same","author":"Camila Cabello","url":"undefined","level":"info","message":"","timestamp":"10:57:06 AM"}
{"level":"info","message":"1 document inserted to billboards collection","timestamp":"10:57:06 AM"}
{"level":"info","message":"resolved","timestamp":"10:57:08 AM"}
{"level":"info","message":"______________________________________________","timestamp":"10:57:08 AM"}
{"level":"info","message":"calling","timestamp":"10:57:08 AM"}
{"id":"33","title":"1-800-273-8255","author":"Logic Featuring Alessia Cara & Khalid","url":"Kb24RrHIbFk","level":"info","message":"","timestamp":"10:57:09 AM"}
{"level":"info","message":"1 document inserted to billboards collection","timestamp":"10:57:09 AM"}
{"level":"info","message":"resolved","timestamp":"10:57:11 AM"}
{"level":"info","message":"______________________________________________","timestamp":"10:57:11 AM"}
{"level":"info","message":"calling","timestamp":"10:57:11 AM"}
{"id":"34","title":"Plain Jane","author":"A$AP Ferg Featuring Nicki Minaj","url":"XDMGmtpvBjs","level":"info","message":"","timestamp":"10:57:11 AM"}
{"level":"info","message":"1 document inserted to billboards collection","timestamp":"10:57:12 AM"}
{"level":"info","message":"resolved","timestamp":"10:57:14 AM"}
{"level":"info","message":"______________________________________________","timestamp":"10:57:14 AM"}
{"level":"info","message":"calling","timestamp":"10:57:14 AM"}
{"id":"35","title":"Young Dumb & Broke","author":"Khalid","url":"IPfJnp1guPc","level":"info","message":"","timestamp":"10:57:15 AM"}
{"level":"info","message":"1 document inserted to billboards collection","timestamp":"10:57:15 AM"}
{"level":"info","message":"resolved","timestamp":"10:57:17 AM"}
{"level":"info","message":"______________________________________________","timestamp":"10:57:17 AM"}
{"level":"info","message":"calling","timestamp":"10:57:17 AM"}
{"id":"36","title":"Narcos","author":"Migos","url":"Xful8O9nTTs","level":"info","message":"","timestamp":"10:57:18 AM"}
{"level":"info","message":"1 document inserted to billboards collection","timestamp":"10:57:18 AM"}
{"level":"info","message":"resolved","timestamp":"10:57:20 AM"}
{"level":"info","message":"______________________________________________","timestamp":"10:57:20 AM"}
{"level":"info","message":"calling","timestamp":"10:57:20 AM"}
{"id":"37","title":"I Get The Bag","author":"Gucci Mane Featuring Migos","url":"uo14xGYwWd4","level":"info","message":"","timestamp":"10:57:21 AM"}
{"level":"info","message":"1 document inserted to billboards collection","timestamp":"10:57:21 AM"}
{"level":"info","message":"resolved","timestamp":"10:57:23 AM"}
{"level":"info","message":"______________________________________________","timestamp":"10:57:23 AM"}
{"level":"info","message":"calling","timestamp":"10:57:23 AM"}
{"id":"38","title":"Lights Down Low","author":"MAX Featuring gnash","url":"5-xVwxqjNyI","level":"info","message":"","timestamp":"10:57:24 AM"}
{"level":"info","message":"1 document inserted to billboards collection","timestamp":"10:57:24 AM"}
{"level":"info","message":"resolved","timestamp":"10:57:26 AM"}
{"level":"info","message":"______________________________________________","timestamp":"10:57:26 AM"}
{"level":"info","message":"calling","timestamp":"10:57:26 AM"}
{"id":"39","title":"Marry Me","author":"Thomas Rhett","url":"p_IwENcMPOA","level":"info","message":"","timestamp":"10:57:27 AM"}
{"level":"info","message":"1 document inserted to billboards collection","timestamp":"10:57:28 AM"}
{"level":"info","message":"resolved","timestamp":"10:57:29 AM"}
{"level":"info","message":"______________________________________________","timestamp":"10:57:29 AM"}
{"level":"info","message":"calling","timestamp":"10:57:29 AM"}
{"id":"40","title":"Roll In Peace","author":"Kodak Black Featuring XXXTENTACION","url":"S0nbOenwCLw","level":"info","message":"","timestamp":"10:57:30 AM"}
{"level":"info","message":"1 document inserted to billboards collection","timestamp":"10:57:31 AM"}
{"level":"info","message":"resolved","timestamp":"10:57:32 AM"}
{"level":"info","message":"______________________________________________","timestamp":"10:57:32 AM"}
{"level":"info","message":"calling","timestamp":"10:57:32 AM"}
{"id":"41","title":"Mine","author":"Bazzi","url":"Gc71AmT_b2k","level":"info","message":"","timestamp":"10:57:33 AM"}
{"level":"info","message":"1 document inserted to billboards collection","timestamp":"10:57:33 AM"}
{"level":"info","message":"resolved","timestamp":"10:57:35 AM"}
{"level":"info","message":"______________________________________________","timestamp":"10:57:35 AM"}
{"level":"info","message":"calling","timestamp":"10:57:35 AM"}
{"id":"42","title":"Sorry Not Sorry","author":"Demi Lovato","url":"-MsvER1dpjM","level":"info","message":"","timestamp":"10:57:36 AM"}
{"level":"info","message":"1 document inserted to billboards collection","timestamp":"10:57:36 AM"}
{"level":"info","message":"resolved","timestamp":"10:57:38 AM"}
{"level":"info","message":"______________________________________________","timestamp":"10:57:38 AM"}
{"level":"info","message":"calling","timestamp":"10:57:38 AM"}
{"id":"43","title":"End Game","author":"Taylor Swift Featuring Ed Sheeran & Future","url":"dfnCAmr569k","level":"info","message":"","timestamp":"10:57:39 AM"}
{"level":"info","message":"1 document inserted to billboards collection","timestamp":"10:57:39 AM"}
{"level":"info","message":"resolved","timestamp":"10:57:41 AM"}
{"level":"info","message":"______________________________________________","timestamp":"10:57:41 AM"}
{"level":"info","message":"calling","timestamp":"10:57:41 AM"}
{"id":"44","title":"River","author":"Eminem Featuring Ed Sheeran","url":"3BXDsVD6O10","level":"info","message":"","timestamp":"10:57:42 AM"}
{"level":"info","message":"1 document inserted to billboards collection","timestamp":"10:57:42 AM"}
{"level":"info","message":"resolved","timestamp":"10:57:44 AM"}
{"level":"info","message":"______________________________________________","timestamp":"10:57:44 AM"}
{"level":"info","message":"calling","timestamp":"10:57:44 AM"}
{"id":"45","title":"Outside Today","author":"YoungBoy Never Broke Again","url":"74hZN9i2eEA","level":"info","message":"","timestamp":"10:57:45 AM"}
{"level":"info","message":"1 document inserted to billboards collection","timestamp":"10:57:45 AM"}
{"level":"info","message":"resolved","timestamp":"10:57:47 AM"}
{"level":"info","message":"______________________________________________","timestamp":"10:57:47 AM"}
{"level":"info","message":"calling","timestamp":"10:57:47 AM"}
{"id":"46","title":"Ric Flair Drip","author":"Offset & Metro Boomin","url":"OwbI9IY9Roo","level":"info","message":"","timestamp":"10:57:49 AM"}
{"level":"info","message":"1 document inserted to billboards collection","timestamp":"10:57:49 AM"}
{"level":"info","message":"resolved","timestamp":"10:57:51 AM"}
{"level":"info","message":"______________________________________________","timestamp":"10:57:51 AM"}
{"level":"info","message":"calling","timestamp":"10:57:51 AM"}
{"id":"47","title":"Lemon","author":"N*E*R*D & Rihanna ","url":"L_u97PqWX6g","level":"info","message":"","timestamp":"10:57:51 AM"}
{"level":"info","message":"1 document inserted to billboards collection","timestamp":"10:57:51 AM"}
{"level":"info","message":"resolved","timestamp":"10:57:54 AM"}
{"level":"info","message":"______________________________________________","timestamp":"10:57:54 AM"}
{"level":"info","message":"calling","timestamp":"10:57:55 AM"}
{"id":"48","title":"BBO (Bad Bitches Only)","author":"Migos Featuring 21 Savage","url":"8zN0omZgVhU","level":"info","message":"","timestamp":"10:57:55 AM"}
{"level":"info","message":"1 document inserted to billboards collection","timestamp":"10:57:56 AM"}
{"level":"info","message":"resolved","timestamp":"10:57:58 AM"}
{"level":"info","message":"______________________________________________","timestamp":"10:57:58 AM"}
{"level":"info","message":"calling","timestamp":"10:57:58 AM"}
{"id":"49","title":"The Way Life Goes","author":"Lil Uzi Vert Featuring Nicki Minaj","url":"SxAp27sFaIM","level":"info","message":"","timestamp":"10:57:59 AM"}
{"level":"info","message":"1 document inserted to billboards collection","timestamp":"10:57:59 AM"}
{"level":"info","message":"resolved","timestamp":"10:58:01 AM"}
{"level":"info","message":"______________________________________________","timestamp":"10:58:01 AM"}
{"level":"info","message":"calling","timestamp":"10:58:01 AM"}
{"id":"50","title":"Let Me Go","author":"Hailee Steinfeld & Alesso Featuring Florida Georgia Line & Watt","url":"BQ_0QLL2gqI","level":"info","message":"","timestamp":"10:58:02 AM"}
{"level":"info","message":"1 document inserted to billboards collection","timestamp":"10:58:02 AM"}
{"level":"info","message":"resolved","timestamp":"10:58:04 AM"}
{"level":"info","message":"______________________________________________","timestamp":"10:58:04 AM"}
{"level":"info","message":"calling","timestamp":"10:58:04 AM"}
{"id":"51","title":"Filthy","author":"Justin Timberlake","url":"gA-NDZb29I4","level":"info","message":"","timestamp":"10:58:05 AM"}
{"level":"info","message":"1 document inserted to billboards collection","timestamp":"10:58:05 AM"}
{"level":"info","message":"resolved","timestamp":"10:58:07 AM"}
{"level":"info","message":"______________________________________________","timestamp":"10:58:07 AM"}
{"level":"info","message":"calling","timestamp":"10:58:07 AM"}
{"id":"52","title":"Notice Me","author":"Migos Featuring Post Malone","url":"vHZgnlZho50","level":"info","message":"","timestamp":"10:58:08 AM"}
{"level":"info","message":"1 document inserted to billboards collection","timestamp":"10:58:08 AM"}
{"level":"info","message":"resolved","timestamp":"10:58:10 AM"}
{"level":"info","message":"______________________________________________","timestamp":"10:58:11 AM"}
{"level":"info","message":"calling","timestamp":"10:58:11 AM"}
{"id":"53","title":"Supastars","author":"Migos","url":"hYc95vB-nT4","level":"info","message":"","timestamp":"10:58:11 AM"}
{"level":"info","message":"1 document inserted to billboards collection","timestamp":"10:58:11 AM"}
{"level":"info","message":"resolved","timestamp":"10:58:14 AM"}
{"level":"info","message":"______________________________________________","timestamp":"10:58:14 AM"}
{"level":"info","message":"calling","timestamp":"10:58:14 AM"}
{"id":"54","title":"All The Stars","author":"Kendrick Lamar & SZA","url":"JQbjS0_ZfJ0","level":"info","message":"","timestamp":"10:58:14 AM"}
{"level":"info","message":"1 document inserted to billboards collection","timestamp":"10:58:14 AM"}
{"level":"info","message":"resolved","timestamp":"10:58:17 AM"}
{"level":"info","message":"______________________________________________","timestamp":"10:58:17 AM"}
{"level":"info","message":"calling","timestamp":"10:58:17 AM"}
{"id":"55","title":"Diplomatic Immunity","author":"Drake","url":"X8eV71SRjx4","level":"info","message":"","timestamp":"10:58:17 AM"}
{"level":"info","message":"1 document inserted to billboards collection","timestamp":"10:58:17 AM"}
{"level":"info","message":"resolved","timestamp":"10:58:20 AM"}
{"level":"info","message":"______________________________________________","timestamp":"10:58:20 AM"}
{"level":"info","message":"calling","timestamp":"10:58:20 AM"}
{"id":"56","title":"Wait","author":"Maroon 5","url":"4uTNVumfm84","level":"info","message":"","timestamp":"10:58:20 AM"}
{"level":"info","message":"1 document inserted to billboards collection","timestamp":"10:58:20 AM"}
{"level":"info","message":"resolved","timestamp":"10:58:23 AM"}
{"level":"info","message":"______________________________________________","timestamp":"10:58:23 AM"}
{"level":"info","message":"calling","timestamp":"10:58:23 AM"}
{"id":"57","title":"Yours","author":"Russell Dickerson","url":"g83se50wTrs","level":"info","message":"","timestamp":"10:58:24 AM"}
{"level":"info","message":"1 document inserted to billboards collection","timestamp":"10:58:24 AM"}
{"level":"info","message":"resolved","timestamp":"10:58:26 AM"}
{"level":"info","message":"______________________________________________","timestamp":"10:58:26 AM"}
{"level":"info","message":"calling","timestamp":"10:58:26 AM"}
{"id":"58","title":"Written In The Sand","author":"Old Dominion","url":"NzrQg6TMd6c","level":"info","message":"","timestamp":"10:58:27 AM"}
{"level":"info","message":"1 document inserted to billboards collection","timestamp":"10:58:27 AM"}
{"level":"info","message":"resolved","timestamp":"10:58:29 AM"}
{"level":"info","message":"______________________________________________","timestamp":"10:58:29 AM"}
{"level":"info","message":"calling","timestamp":"10:58:29 AM"}
{"id":"59","title":"Good Old Days","author":"Macklemore Featuring Kesha","url":"1yYV9-KoSUM","level":"info","message":"","timestamp":"10:58:30 AM"}
{"level":"info","message":"1 document inserted to billboards collection","timestamp":"10:58:30 AM"}
{"level":"info","message":"resolved","timestamp":"10:58:32 AM"}
{"level":"info","message":"______________________________________________","timestamp":"10:58:32 AM"}
{"level":"info","message":"calling","timestamp":"10:58:32 AM"}
{"id":"60","title":"Losing Sleep","author":"Chris Young","url":"zKriLekFPwg","level":"info","message":"","timestamp":"10:58:34 AM"}
{"level":"info","message":"1 document inserted to billboards collection","timestamp":"10:58:34 AM"}
{"level":"info","message":"resolved","timestamp":"10:58:35 AM"}
{"level":"info","message":"______________________________________________","timestamp":"10:58:35 AM"}
{"level":"info","message":"calling","timestamp":"10:58:35 AM"}
{"id":"61","title":"Five More Minutes","author":"Scotty McCreery","url":"2dPDBU9MC8c","level":"info","message":"","timestamp":"10:58:36 AM"}
{"level":"info","message":"1 document inserted to billboards collection","timestamp":"10:58:36 AM"}
{"level":"info","message":"resolved","timestamp":"10:58:38 AM"}
{"level":"info","message":"______________________________________________","timestamp":"10:58:38 AM"}
{"level":"info","message":"calling","timestamp":"10:58:38 AM"}
{"id":"62","title":"Broken Halos","author":"Chris Stapleton","url":"sI0TeFf6uD8","level":"info","message":"","timestamp":"10:58:40 AM"}
{"level":"info","message":"1 document inserted to billboards collection","timestamp":"10:58:40 AM"}
{"level":"info","message":"resolved","timestamp":"10:58:41 AM"}
{"level":"info","message":"______________________________________________","timestamp":"10:58:41 AM"}
{"level":"info","message":"calling","timestamp":"10:58:41 AM"}
{"id":"63","title":"Keke","author":"6ix9ine, Fetty Wap & A Boogie Wit da Hoodie","url":"02fRdleMSaA","level":"info","message":"","timestamp":"10:58:42 AM"}
{"level":"info","message":"1 document inserted to billboards collection","timestamp":"10:58:43 AM"}
{"level":"info","message":"resolved","timestamp":"10:58:44 AM"}
{"level":"info","message":"______________________________________________","timestamp":"10:58:45 AM"}
{"level":"info","message":"calling","timestamp":"10:58:45 AM"}
{"id":"64","title":"White Sand","author":"Migos Featuring Travis Scott, Ty Dolla $ign & Big Sean","url":"XxaLYimCpio","level":"info","message":"","timestamp":"10:58:45 AM"}
{"level":"info","message":"1 document inserted to billboards collection","timestamp":"10:58:45 AM"}
{"level":"info","message":"resolved","timestamp":"10:58:48 AM"}
{"level":"info","message":"______________________________________________","timestamp":"10:58:48 AM"}
{"level":"info","message":"calling","timestamp":"10:58:48 AM"}
{"id":"65","title":"Betrayed","author":"Lil Xan","url":"EbfK7dei7ec","level":"info","message":"","timestamp":"10:58:49 AM"}
{"level":"info","message":"1 document inserted to billboards collection","timestamp":"10:58:49 AM"}
{"level":"info","message":"resolved","timestamp":"10:58:51 AM"}
{"level":"info","message":"______________________________________________","timestamp":"10:58:51 AM"}
{"level":"info","message":"calling","timestamp":"10:58:51 AM"}
{"id":"66","title":"Pick It Up","author":"Famous Dex Featuring A$AP Rocky","url":"X6SaVOLRcF4","level":"info","message":"","timestamp":"10:58:51 AM"}
{"level":"info","message":"1 document inserted to billboards collection","timestamp":"10:58:51 AM"}
{"level":"info","message":"resolved","timestamp":"10:58:54 AM"}
{"level":"info","message":"______________________________________________","timestamp":"10:58:54 AM"}
{"level":"info","message":"calling","timestamp":"10:58:54 AM"}
{"level":"info","message":"resolved","timestamp":"10:58:57 AM"}
{"level":"info","message":"______________________________________________","timestamp":"10:58:57 AM"}
{"level":"info","message":"calling","timestamp":"10:58:57 AM"}
{"id":"68","title":"Nowadays","author":"Lil Skies Featuring Landon Cube","url":"dRX0wDNK6S4","level":"info","message":"","timestamp":"10:58:58 AM"}
{"id":"68","title":"Nowadays","author":"Lil Skies Featuring Landon Cube","url":"DlFmfxACvig","level":"info","message":"","timestamp":"10:58:58 AM"}
{"level":"info","message":"1 document inserted to billboards collection","timestamp":"10:58:58 AM"}
{"level":"info","message":"1 document inserted to billboards collection","timestamp":"10:58:58 AM"}
{"level":"info","message":"resolved","timestamp":"10:59:00 AM"}
{"level":"info","message":"______________________________________________","timestamp":"10:59:00 AM"}
{"level":"info","message":"calling","timestamp":"10:59:00 AM"}
{"id":"69","title":"You Broke Up With Me","author":"Walker Hayes","url":"A56p-ZSZ5Vc","level":"info","message":"","timestamp":"10:59:01 AM"}
{"level":"info","message":"1 document inserted to billboards collection","timestamp":"10:59:01 AM"}
{"level":"info","message":"resolved","timestamp":"10:59:03 AM"}
{"level":"info","message":"______________________________________________","timestamp":"10:59:03 AM"}
{"level":"info","message":"calling","timestamp":"10:59:03 AM"}
{"id":"70","title":"Like I Loved You","author":"Brett Young","url":"PG2azZM4w4o","level":"info","message":"","timestamp":"10:59:04 AM"}
{"level":"info","message":"1 document inserted to billboards collection","timestamp":"10:59:04 AM"}
{"level":"info","message":"resolved","timestamp":"10:59:06 AM"}
{"level":"info","message":"______________________________________________","timestamp":"10:59:06 AM"}
{"level":"info","message":"calling","timestamp":"10:59:06 AM"}
{"id":"71","title":"This Is Me","author":"Keala Settle & The Greatest Showman Ensemble","url":"wEJd2RyGm8Q","level":"info","message":"","timestamp":"10:59:07 AM"}
{"level":"info","message":"1 document inserted to billboards collection","timestamp":"10:59:07 AM"}
{"level":"info","message":"resolved","timestamp":"10:59:09 AM"}
{"level":"info","message":"______________________________________________","timestamp":"10:59:09 AM"}
{"level":"info","message":"calling","timestamp":"10:59:09 AM"}
{"id":"72","title":"Echame La Culpa","author":" Luis Fonsi & Demi Lovato","url":"TyHvyGVs42U","level":"info","message":"","timestamp":"10:59:10 AM"}
{"level":"info","message":"1 document inserted to billboards collection","timestamp":"10:59:10 AM"}
{"level":"info","message":"resolved","timestamp":"10:59:12 AM"}
{"level":"info","message":"______________________________________________","timestamp":"10:59:12 AM"}
{"level":"info","message":"calling","timestamp":"10:59:12 AM"}
{"id":"73","title":"Gang Gang","author":"Migos","url":"ZmAcslM-2QA","level":"info","message":"","timestamp":"10:59:13 AM"}
{"level":"info","message":"1 document inserted to billboards collection","timestamp":"10:59:13 AM"}
{"level":"info","message":"resolved","timestamp":"10:59:15 AM"}
{"level":"info","message":"______________________________________________","timestamp":"10:59:16 AM"}
{"level":"info","message":"calling","timestamp":"10:59:16 AM"}
{"id":"74","title":"One Foot","author":"WALK THE MOON","url":"05v4nfUmBYI","level":"info","message":"","timestamp":"10:59:17 AM"}
{"level":"info","message":"1 document inserted to billboards collection","timestamp":"10:59:17 AM"}
{"level":"info","message":"resolved","timestamp":"10:59:19 AM"}
{"level":"info","message":"______________________________________________","timestamp":"10:59:19 AM"}
{"level":"info","message":"calling","timestamp":"10:59:19 AM"}
{"id":"75","title":"New Freezer","author":"Rich The Kid Featuring Kendrick Lamar","url":"6YqSS_b_X1U","level":"info","message":"","timestamp":"10:59:19 AM"}
{"level":"info","message":"1 document inserted to billboards collection","timestamp":"10:59:20 AM"}
{"level":"info","message":"resolved","timestamp":"10:59:22 AM"}
{"level":"info","message":"______________________________________________","timestamp":"10:59:22 AM"}
{"level":"info","message":"calling","timestamp":"10:59:22 AM"}
{"id":"76","title":"All On Me","author":"Devin Dawson","url":"ntCMoh-0ogo","level":"info","message":"","timestamp":"10:59:23 AM"}
{"level":"info","message":"1 document inserted to billboards collection","timestamp":"10:59:23 AM"}
{"level":"info","message":"resolved","timestamp":"10:59:25 AM"}
{"level":"info","message":"______________________________________________","timestamp":"10:59:25 AM"}
{"level":"info","message":"calling","timestamp":"10:59:25 AM"}
{"id":"77","title":"No Smoke","author":"YoungBoy Never Broke Again","url":"K3uMMjZGhnI","level":"info","message":"","timestamp":"10:59:26 AM"}
{"level":"info","message":"1 document inserted to billboards collection","timestamp":"10:59:26 AM"}
{"level":"info","message":"resolved","timestamp":"10:59:28 AM"}
{"level":"info","message":"______________________________________________","timestamp":"10:59:28 AM"}
{"level":"info","message":"calling","timestamp":"10:59:28 AM"}
{"id":"78","title":"Tell Me You Love Me","author":"Demi Lovato","url":"SM1w9PEQOE8","level":"info","message":"","timestamp":"10:59:29 AM"}
{"level":"info","message":"1 document inserted to billboards collection","timestamp":"10:59:29 AM"}
{"level":"info","message":"resolved","timestamp":"10:59:31 AM"}
{"level":"info","message":"______________________________________________","timestamp":"10:59:31 AM"}
{"level":"info","message":"calling","timestamp":"10:59:31 AM"}
{"id":"79","title":"La Modelo","author":"Ozuna x Cardi B","url":"X8sSXU-J8fI","level":"info","message":"","timestamp":"10:59:32 AM"}
{"level":"info","message":"1 document inserted to billboards collection","timestamp":"10:59:32 AM"}
{"level":"info","message":"resolved","timestamp":"10:59:34 AM"}
{"level":"info","message":"______________________________________________","timestamp":"10:59:34 AM"}
{"level":"info","message":"calling","timestamp":"10:59:34 AM"}
{"id":"80","title":"Red Roses","author":"Lil Skies Featuring Landon Cube","url":"WlosjSe5B8c","level":"info","message":"","timestamp":"10:59:35 AM"}
{"level":"info","message":"1 document inserted to billboards collection","timestamp":"10:59:35 AM"}
{"level":"info","message":"resolved","timestamp":"10:59:37 AM"}
{"level":"info","message":"______________________________________________","timestamp":"10:59:37 AM"}
{"level":"info","message":"calling","timestamp":"10:59:37 AM"}
{"id":"81","title":"Rewrite The Stars","author":"Zac Efron & Zendaya","url":"5MrmIJ28hvk","level":"info","message":"","timestamp":"10:59:38 AM"}
{"level":"info","message":"1 document inserted to billboards collection","timestamp":"10:59:39 AM"}
{"level":"info","message":"resolved","timestamp":"10:59:40 AM"}
{"level":"info","message":"______________________________________________","timestamp":"10:59:40 AM"}
{"level":"info","message":"calling","timestamp":"10:59:40 AM"}
{"id":"82","title":"Candy Paint","author":"Post Malone","url":"mThqhAT2Irk","level":"info","message":"","timestamp":"10:59:41 AM"}
{"level":"info","message":"1 document inserted to billboards collection","timestamp":"10:59:41 AM"}
{"level":"info","message":"resolved","timestamp":"10:59:43 AM"}
{"level":"info","message":"______________________________________________","timestamp":"10:59:43 AM"}
{"level":"info","message":"calling","timestamp":"10:59:43 AM"}
{"id":"83","title":"Higher We Go (Intro)","author":"Migos","url":"5_L7zNU3cBM","level":"info","message":"","timestamp":"10:59:44 AM"}
{"level":"info","message":"1 document inserted to billboards collection","timestamp":"10:59:44 AM"}
{"level":"info","message":"resolved","timestamp":"10:59:46 AM"}
{"level":"info","message":"______________________________________________","timestamp":"10:59:46 AM"}
{"level":"info","message":"calling","timestamp":"10:59:46 AM"}
{"id":"84","title":"Legends","author":"Kelsea Ballerini","url":"nGa2-kOW810","level":"info","message":"","timestamp":"10:59:47 AM"}
{"level":"info","message":"1 document inserted to billboards collection","timestamp":"10:59:47 AM"}
{"level":"info","message":"resolved","timestamp":"10:59:49 AM"}
{"level":"info","message":"______________________________________________","timestamp":"10:59:49 AM"}
{"level":"info","message":"calling","timestamp":"10:59:49 AM"}
{"id":"85","title":"Auto Pilot","author":"Migos","url":"pVopUEy9PAE","level":"info","message":"","timestamp":"10:59:50 AM"}
{"level":"info","message":"1 document inserted to billboards collection","timestamp":"10:59:50 AM"}
{"level":"info","message":"resolved","timestamp":"10:59:52 AM"}
{"level":"info","message":"______________________________________________","timestamp":"10:59:52 AM"}
{"level":"info","message":"calling","timestamp":"10:59:52 AM"}
{"id":"86","title":"Codeine Dreaming","author":"Kodak Black Featuring Lil Wayne","url":"g7_uKDsv7HM","level":"info","message":"","timestamp":"10:59:53 AM"}
{"level":"info","message":"1 document inserted to billboards collection","timestamp":"10:59:54 AM"}
{"level":"info","message":"resolved","timestamp":"10:59:55 AM"}
{"level":"info","message":"______________________________________________","timestamp":"10:59:55 AM"}
{"level":"info","message":"calling","timestamp":"10:59:55 AM"}
{"id":"87","title":"Emoji A Chain","author":"Migos","url":"gthETpJIa14","level":"info","message":"","timestamp":"10:59:56 AM"}
{"level":"info","message":"1 document inserted to billboards collection","timestamp":"10:59:57 AM"}
{"level":"info","message":"resolved","timestamp":"10:59:58 AM"}
{"level":"info","message":"______________________________________________","timestamp":"10:59:58 AM"}
{"level":"info","message":"calling","timestamp":"10:59:58 AM"}
{"id":"88","title":"Beautiful Trauma","author":"P!nk","url":"EBt_88nxG4c","level":"info","message":"","timestamp":"10:59:59 AM"}
{"level":"info","message":"1 document inserted to billboards collection","timestamp":"10:59:59 AM"}
{"level":"info","message":"resolved","timestamp":"11:00:01 AM"}
{"level":"info","message":"______________________________________________","timestamp":"11:00:01 AM"}
{"level":"info","message":"calling","timestamp":"11:00:01 AM"}
{"id":"89","title":"Round Here Buzz","author":"Eric Church","url":"0_CksCHnooM","level":"info","message":"","timestamp":"11:00:02 AM"}
{"level":"info","message":"1 document inserted to billboards collection","timestamp":"11:00:03 AM"}
{"level":"info","message":"resolved","timestamp":"11:00:04 AM"}
{"level":"info","message":"______________________________________________","timestamp":"11:00:04 AM"}
{"level":"info","message":"calling","timestamp":"11:00:04 AM"}
{"id":"90","title":"Sick Boy","author":"The Chainsmokers","url":"eACohWVwTOc","level":"info","message":"","timestamp":"11:00:05 AM"}
{"level":"info","message":"1 document inserted to billboards collection","timestamp":"11:00:05 AM"}
{"level":"info","message":"resolved","timestamp":"11:00:07 AM"}
{"level":"info","message":"______________________________________________","timestamp":"11:00:07 AM"}
{"level":"info","message":"calling","timestamp":"11:00:07 AM"}
{"id":"91","title":"Rubbin Off The Paint","author":"YBN Nahmir","url":"AsfVZqZhtUQ","level":"info","message":"","timestamp":"11:00:09 AM"}
{"level":"info","message":"1 document inserted to billboards collection","timestamp":"11:00:09 AM"}
{"level":"info","message":"resolved","timestamp":"11:00:10 AM"}
{"level":"info","message":"______________________________________________","timestamp":"11:00:10 AM"}
{"level":"info","message":"calling","timestamp":"11:00:10 AM"}
{"id":"92","title":"El Farsante","author":"Ozuna","url":"6DRkf3kZMXw","level":"info","message":"","timestamp":"11:00:11 AM"}
{"level":"info","message":"1 document inserted to billboards collection","timestamp":"11:00:11 AM"}
{"level":"info","message":"resolved","timestamp":"11:00:13 AM"}
{"level":"info","message":"______________________________________________","timestamp":"11:00:13 AM"}
{"level":"info","message":"calling","timestamp":"11:00:13 AM"}
{"id":"93","title":"IDGAF","author":"Dua Lipa","url":"Mgfe5tIwOj0","level":"info","message":"","timestamp":"11:00:14 AM"}
{"level":"info","message":"1 document inserted to billboards collection","timestamp":"11:00:15 AM"}
{"level":"info","message":"resolved","timestamp":"11:00:16 AM"}
{"level":"info","message":"______________________________________________","timestamp":"11:00:16 AM"}
{"level":"info","message":"calling","timestamp":"11:00:16 AM"}
{"id":"94","title":"Most People Are Good","author":"Luke Bryan","url":"liqktLC7xR0","level":"info","message":"","timestamp":"11:00:18 AM"}
{"level":"info","message":"1 document inserted to billboards collection","timestamp":"11:00:18 AM"}
{"level":"info","message":"resolved","timestamp":"11:00:19 AM"}
{"level":"info","message":"______________________________________________","timestamp":"11:00:19 AM"}
{"level":"info","message":"calling","timestamp":"11:00:19 AM"}
{"id":"95","title":"Mayores","author":"Becky G Featuring Bad Bunny","url":"GMFewiplIbw","level":"info","message":"","timestamp":"11:00:20 AM"}
{"level":"info","message":"1 document inserted to billboards collection","timestamp":"11:00:21 AM"}
{"level":"info","message":"resolved","timestamp":"11:00:22 AM"}
{"level":"info","message":"______________________________________________","timestamp":"11:00:22 AM"}
{"level":"info","message":"calling","timestamp":"11:00:22 AM"}
{"id":"96","title":"CC","author":"Migos Featuring Gucci Mane","url":"Gz_rYcMl9SA","level":"info","message":"","timestamp":"11:00:23 AM"}
{"level":"info","message":"1 document inserted to billboards collection","timestamp":"11:00:23 AM"}
{"level":"info","message":"resolved","timestamp":"11:00:25 AM"}
{"level":"info","message":"______________________________________________","timestamp":"11:00:25 AM"}
{"level":"info","message":"calling","timestamp":"11:00:25 AM"}
{"id":"97","title":"Best Friend","author":"Sofi Tukker Featuring NERVO, The Knocks & Alisa Ueno","url":"4Vx7MTU-UVE","level":"info","message":"","timestamp":"11:00:26 AM"}
{"level":"info","message":"1 document inserted to billboards collection","timestamp":"11:00:26 AM"}
{"level":"info","message":"resolved","timestamp":"11:00:28 AM"}
{"level":"info","message":"______________________________________________","timestamp":"11:00:28 AM"}
{"level":"info","message":"calling","timestamp":"11:00:28 AM"}
{"id":"98","title":"MIC Drop","author":"BTS Featuring Desiigner","url":"Cqe37sLrH2I","level":"info","message":"","timestamp":"11:00:29 AM"}
{"level":"info","message":"1 document inserted to billboards collection","timestamp":"11:00:30 AM"}
{"level":"info","message":"resolved","timestamp":"11:00:31 AM"}
{"level":"info","message":"______________________________________________","timestamp":"11:00:31 AM"}
{"level":"info","message":"calling","timestamp":"11:00:31 AM"}
{"id":"99","title":"King's Dead","author":"Jay Rock, Kendrick Lamar, Future & James Blake","url":"3Po4tZ_kfcU","level":"info","message":"","timestamp":"11:00:32 AM"}
{"level":"info","message":"1 document inserted to billboards collection","timestamp":"11:00:33 AM"}
{"level":"info","message":"resolved","timestamp":"11:00:34 AM"}
{"level":"info","message":"______________________________________________","timestamp":"11:00:34 AM"}
{"level":"info","message":"calling","timestamp":"11:00:34 AM"}
{"id":"100","title":"Corazon","author":"Maluma X Nego do Borel","url":"GmHrjFIWl6U","level":"info","message":"","timestamp":"11:00:36 AM"}
{"level":"info","message":"1 document inserted to billboards collection","timestamp":"11:00:36 AM"}
{"level":"info","message":"resolved","timestamp":"11:00:37 AM"}
{"level":"info","message":"______________________________________________","timestamp":"11:00:37 AM"}
