{"message":{"id":"2","title":"Sunflower (Spider-Man: Into The Spider-Verse)","author":"Post Malone & Swae Lee","url":"ApXoWvfEYVU"},"level":"info"}
{"message":"1 document inserted to billboard collection","level":"info"}
{"message":"resolved","level":"info"}
{"message":"______________________________________________","level":"info"}
{"message":"calling","level":"info"}
{"message":{"id":"3","title":"Sicko Mode","author":"Travis Scott","url":"6ONRf7h3Mdk"},"level":"info"}
{"message":"1 document inserted to billboard collection","level":"info"}
{"message":"http://www.officialcharts.com/chart-news/the-official-top-40-biggest-songs-of-2017-so-far__18652/ successfuly scraped.","level":"info"}
{"message":"collection officialcharts deleted","level":"info"}
{"message":"inserted songs to collection officialcharts","level":"info"}
{"message":"resolved","level":"info"}
{"message":"______________________________________________","level":"info"}
{"message":"calling","level":"info"}
{"message":{"id":"4","title":"High Hopes","author":"Panic! At The Disco ","url":"IPXIgEAGe4U"},"level":"info"}
{"message":"1 document inserted to billboard collection","level":"info"}
{"message":"resolved","level":"info"}
{"message":"______________________________________________","level":"info"}
{"message":"calling","level":"info"}
{"message":{"id":"5","title":"Happier","author":"Marshmello & Bastille","url":"m7Bc3pLyij0"},"level":"info"}
{"message":"1 document inserted to billboard collection","level":"info"}
{"message":"resolved","level":"info"}
{"message":"______________________________________________","level":"info"}
{"message":"calling","level":"info"}
{"message":{"id":"6","title":"Girls Like You","author":"Maroon 5 Featuring Cardi B","url":"aJOTlE1K90k"},"level":"info"}
{"message":"1 document inserted to billboard collection","level":"info"}
{"message":"resolved","level":"info"}
{"message":"______________________________________________","level":"info"}
{"message":"calling","level":"info"}
{"message":{"id":"7","title":"Drip Too Hard","author":"Lil Baby & Gunna","url":"THcVOf1kNh0"},"level":"info"}
{"message":"1 document inserted to billboard collection","level":"info"}
{"message":"resolved","level":"info"}
{"message":"______________________________________________","level":"info"}
{"message":"calling","level":"info"}
{"message":{"id":"8","title":"ZEZE","author":"Kodak Black Featuring Travis Scott & Offset","url":"mjaayCARwro"},"level":"info"}
{"message":"1 document inserted to billboard collection","level":"info"}
{"message":"resolved","level":"info"}
{"message":"______________________________________________","level":"info"}
{"message":"calling","level":"info"}
{"message":{"id":"9","title":"Better Now","author":"Post Malone","url":"UYwF-jdcVjY"},"level":"info"}
{"message":"1 document inserted to billboard collection","level":"info"}
{"message":"resolved","level":"info"}
{"message":"______________________________________________","level":"info"}
{"message":"calling","level":"info"}
{"message":{"id":"10","title":"Eastside","author":"Benny Blanco, Halsey & Khalid","url":"56WBK4ZK_cw"},"level":"info"}
{"message":"1 document inserted to billboard collection","level":"info"}
{"message":"resolved","level":"info"}
{"message":"______________________________________________","level":"info"}
{"message":"calling","level":"info"}
{"message":{"id":"11","title":"Wake Up In The Sky","author":"Gucci Mane X Bruno Mars X Kodak Black","url":"U68MJz9DrI4"},"level":"info"}
{"message":"1 document inserted to billboard collection","level":"info"}
{"message":"resolved","level":"info"}
{"message":"______________________________________________","level":"info"}
{"message":"calling","level":"info"}
{"message":{"id":"12","title":"Wow.","author":"Post Malone","url":"D0i23wZ0IeE"},"level":"info"}
{"message":"1 document inserted to billboard collection","level":"info"}
{"message":"resolved","level":"info"}
{"message":"______________________________________________","level":"info"}
{"message":"calling","level":"info"}
{"message":{"id":"13","title":"Youngblood","author":"5 Seconds Of Summer","url":"-RJSbO8UZVY"},"level":"info"}
{"message":"1 document inserted to billboard collection","level":"info"}
{"message":"resolved","level":"info"}
{"message":"______________________________________________","level":"info"}
{"message":"calling","level":"info"}
{"message":{"id":"14","title":"Mo Bamba","author":"Sheck Wes","url":"VWoIpDVkOH0"},"level":"info"}
{"message":"1 document inserted to billboard collection","level":"info"}
{"message":"resolved","level":"info"}
{"message":"______________________________________________","level":"info"}
{"message":"calling","level":"info"}
{"message":{"id":"15","title":"Breathin","author":"Ariana Grande ","url":"kN0iD0pI3o0"},"level":"info"}
{"message":"1 document inserted to billboard collection","level":"info"}
{"message":"resolved","level":"info"}
{"message":"______________________________________________","level":"info"}
{"message":"calling","level":"info"}
{"message":{"id":"16","title":"Money","author":"Cardi B","url":"zUOh09GoQgk"},"level":"info"}
{"message":"1 document inserted to billboard collection","level":"info"}
{"message":"resolved","level":"info"}
{"message":"______________________________________________","level":"info"}
{"message":"calling","level":"info"}
{"message":{"id":"17","title":"Lucid Dreams","author":"Juice WRLD","url":"_fh64GbFSw4"},"level":"info"}
{"message":"1 document inserted to billboard collection","level":"info"}
{"message":"resolved","level":"info"}
{"message":"______________________________________________","level":"info"}
{"message":"calling","level":"info"}
{"message":{"id":"18","title":"Taki Taki","author":"DJ Snake Featuring Selena Gomez, Ozuna & Cardi B","url":"ixkoVwKQaJg"},"level":"info"}
{"message":"1 document inserted to billboard collection","level":"info"}
{"message":"resolved","level":"info"}
{"message":"______________________________________________","level":"info"}
{"message":"calling","level":"info"}
{"message":{"id":"19","title":" MIA","author":"Bad Bunny Featuring Drake","url":"OSUxrSe5GbI"},"level":"info"}
{"message":"1 document inserted to billboard collection","level":"info"}
{"message":"resolved","level":"info"}
{"message":"______________________________________________","level":"info"}
{"message":"calling","level":"info"}
{"message":{"id":"20","title":"Going Bad","author":"Meek Mill Featuring Drake","url":"T3lKEb0Cs94"},"level":"info"}
{"message":"1 document inserted to billboard collection","level":"info"}
{"message":"resolved","level":"info"}
{"message":"______________________________________________","level":"info"}
{"message":"calling","level":"info"}
{"message":{"id":"21","title":"Leave Me Alone","author":"Flipp Dinero","url":"qu0CxX8GJj8"},"level":"info"}
{"message":"1 document inserted to billboard collection","level":"info"}
{"message":"resolved","level":"info"}
{"message":"______________________________________________","level":"info"}
{"message":"calling","level":"info"}
{"message":{"id":"22","title":"Trip","author":"Ella Mai","url":"JfGD75vHWrU"},"level":"info"}
{"message":"1 document inserted to billboard collection","level":"info"}
{"message":"resolved","level":"info"}
{"message":"______________________________________________","level":"info"}
{"message":"calling","level":"info"}
{"message":{"id":"23","title":"Speechless","author":"Dan + Shay","url":"Bdvxf9Z9EJo"},"level":"info"}
{"message":"1 document inserted to billboard collection","level":"info"}
{"message":"resolved","level":"info"}
{"message":"______________________________________________","level":"info"}
{"message":"calling","level":"info"}
{"message":{"id":"24","title":"Natural","author":"Imagine Dragons","url":"0I647GU3Jsc"},"level":"info"}
{"message":"1 document inserted to billboard collection","level":"info"}
{"message":"resolved","level":"info"}
{"message":"______________________________________________","level":"info"}
{"message":"calling","level":"info"}
{"message":{"id":"25","title":"I Like It","author":"Cardi B, Bad Bunny & J Balvin","url":"xTlNMmZKwpA"},"level":"info"}
{"message":"1 document inserted to billboard collection","level":"info"}
{"message":"resolved","level":"info"}
{"message":"______________________________________________","level":"info"}
{"message":"calling","level":"info"}
{"message":{"id":"26","title":"Love Lies","author":"Khalid & Normani","url":"xYtsL9znopI"},"level":"info"}
{"message":"1 document inserted to billboard collection","level":"info"}
{"message":"resolved","level":"info"}
{"message":"______________________________________________","level":"info"}
{"message":"calling","level":"info"}
{"message":{"id":"27","title":"Beautiful","author":"Bazzi Featuring Camila Cabello","url":"Uk1hv6h7O1Y"},"level":"info"}
{"message":"1 document inserted to billboard collection","level":"info"}
{"message":"resolved","level":"info"}
{"message":"______________________________________________","level":"info"}
{"message":"calling","level":"info"}
{"message":{"id":"28","title":"Shallow","author":"Lady Gaga & Bradley Cooper","url":"bo_efYhYU2A"},"level":"info"}
{"message":"1 document inserted to billboard collection","level":"info"}
{"message":"resolved","level":"info"}
{"message":"______________________________________________","level":"info"}
{"message":"calling","level":"info"}
{"message":{"id":"29","title":"Better","author":"Khalid","url":"x3bfa3DZ8JM"},"level":"info"}
{"message":"1 document inserted to billboard collection","level":"info"}
{"message":"resolved","level":"info"}
{"message":"______________________________________________","level":"info"}
{"message":"calling","level":"info"}
{"message":{"id":"30","title":"She Got The Best Of Me","author":" Luke Combs","url":"sD3kO4U5Oh4"},"level":"info"}
{"message":"1 document inserted to billboard collection","level":"info"}
{"message":"resolved","level":"info"}
{"message":"______________________________________________","level":"info"}
{"message":"calling","level":"info"}
{"message":{"id":"31","title":"Baby Shark","author":"Pinkfong","url":"XqZsoesa55w"},"level":"info"}
{"message":"1 document inserted to billboard collection","level":"info"}
{"message":"resolved","level":"info"}
{"message":"______________________________________________","level":"info"}
{"message":"calling","level":"info"}
{"message":{"id":"32","title":"Close To Me ","author":"Ellie Goulding X Diplo Featuring Swae Lee","url":"ajN57m_OSpY"},"level":"info"}
{"message":"1 document inserted to billboard collection","level":"info"}
{"message":"resolved","level":"info"}
{"message":"______________________________________________","level":"info"}
{"message":"calling","level":"info"}
{"message":{"id":"33","title":"You Say","author":"Lauren Daigle","url":"sIaT8Jl2zpI"},"level":"info"}
{"message":"1 document inserted to billboard collection","level":"info"}
{"message":"resolved","level":"info"}
{"message":"______________________________________________","level":"info"}
{"message":"calling","level":"info"}
{"message":{"id":"34","title":"Uproar","author":"Lil Wayne","url":"GQ2juiyXk-s"},"level":"info"}
{"message":"1 document inserted to billboard collection","level":"info"}
{"message":"resolved","level":"info"}
{"message":"______________________________________________","level":"info"}
{"message":"calling","level":"info"}
{"message":{"id":"35","title":"A Lot","author":"21 Savage","url":"VbrEsOLu75c"},"level":"info"}
{"message":"1 document inserted to billboard collection","level":"info"}
{"message":"resolved","level":"info"}
{"message":"______________________________________________","level":"info"}
{"message":"calling","level":"info"}
{"message":{"id":"36","title":"Best Shot","author":"Jimmie Allen","url":"9VHABNmQjZQ"},"level":"info"}
{"message":"1 document inserted to billboard collection","level":"info"}
{"message":"resolved","level":"info"}
{"message":"______________________________________________","level":"info"}
{"message":"calling","level":"info"}
{"message":{"id":"37","title":"Swervin","author":"A Boogie Wit da Hoodie Featuring 6ix9ine","url":"v-rxFHRTrJc"},"level":"info"}
{"message":"1 document inserted to billboard collection","level":"info"}
{"message":"resolved","level":"info"}
{"message":"______________________________________________","level":"info"}
{"message":"calling","level":"info"}
{"message":{"id":"38","title":"Drunk Me","author":"Mitchell Tenpenny","url":"BiA-7xHM8zc"},"level":"info"}
{"message":"1 document inserted to billboard collection","level":"info"}
{"message":"resolved","level":"info"}
{"message":"______________________________________________","level":"info"}
{"message":"calling","level":"info"}
{"message":{"id":"39","title":"Be Alright","author":"Dean Lewis","url":"OymVgai_PVg"},"level":"info"}
{"message":"1 document inserted to billboard collection","level":"info"}
{"message":"resolved","level":"info"}
{"message":"______________________________________________","level":"info"}
{"message":"calling","level":"info"}
{"message":{"id":"40","title":"Sweet But Psycho","author":"Ava Max","url":"WXBHCQYxwr0"},"level":"info"}
{"message":"1 document inserted to billboard collection","level":"info"}
{"message":"resolved","level":"info"}
{"message":"______________________________________________","level":"info"}
{"message":"calling","level":"info"}
{"message":{"id":"41","title":"Sixteen","author":"Thomas Rhett","url":"nPYRBsGMKOU"},"level":"info"}
{"message":"1 document inserted to billboard collection","level":"info"}
{"message":"resolved","level":"info"}
{"message":"______________________________________________","level":"info"}
{"message":"calling","level":"info"}
{"message":{"id":"42","title":"Talk To Me","author":"Tory Lanez & Rich The Kid","url":"v-KX9i3EB3g"},"level":"info"}
{"message":"1 document inserted to billboard collection","level":"info"}
{"message":"resolved","level":"info"}
{"message":"______________________________________________","level":"info"}
{"message":"calling","level":"info"}
{"message":{"id":"43","title":"Backin' It Up","author":"Pardison Fontaine Featuring Cardi B","url":"hDfsD6G8E_g"},"level":"info"}
{"message":"1 document inserted to billboard collection","level":"info"}
{"message":"resolved","level":"info"}
{"message":"______________________________________________","level":"info"}
{"message":"calling","level":"info"}
{"message":"resolved","level":"info"}
{"message":"______________________________________________","level":"info"}
{"message":"calling","level":"info"}
{"message":"resolved","level":"info"}
{"message":"______________________________________________","level":"info"}
{"message":"calling","level":"info"}
{"message":"resolved","level":"info"}
{"message":"______________________________________________","level":"info"}
{"message":"calling","level":"info"}
{"message":"resolved","level":"info"}
{"message":"______________________________________________","level":"info"}
{"message":"calling","level":"info"}
{"message":"resolved","level":"info"}
{"message":"______________________________________________","level":"info"}
{"message":"calling","level":"info"}
{"message":"resolved","level":"info"}
{"message":"______________________________________________","level":"info"}
{"message":"calling","level":"info"}
{"message":"resolved","level":"info"}
{"message":"______________________________________________","level":"info"}
{"message":"calling","level":"info"}
{"message":"resolved","level":"info"}
{"message":"______________________________________________","level":"info"}
{"message":"calling","level":"info"}
{"message":"resolved","level":"info"}
{"message":"______________________________________________","level":"info"}
{"message":"calling","level":"info"}
{"message":"resolved","level":"info"}
{"message":"______________________________________________","level":"info"}
{"message":"calling","level":"info"}
{"message":"resolved","level":"info"}
{"message":"______________________________________________","level":"info"}
{"message":"calling","level":"info"}
{"message":"resolved","level":"info"}
{"message":"______________________________________________","level":"info"}
{"message":"calling","level":"info"}
{"message":"resolved","level":"info"}
{"message":"______________________________________________","level":"info"}
{"message":"calling","level":"info"}
{"message":"resolved","level":"info"}
{"message":"______________________________________________","level":"info"}
{"message":"calling","level":"info"}
{"message":"resolved","level":"info"}
{"message":"______________________________________________","level":"info"}
{"message":"calling","level":"info"}
{"message":"resolved","level":"info"}
{"message":"______________________________________________","level":"info"}
{"message":"calling","level":"info"}
{"message":"resolved","level":"info"}
{"message":"______________________________________________","level":"info"}
{"message":"calling","level":"info"}
{"message":"resolved","level":"info"}
{"message":"______________________________________________","level":"info"}
{"message":"calling","level":"info"}
{"message":"resolved","level":"info"}
{"message":"______________________________________________","level":"info"}
{"message":"calling","level":"info"}
{"message":"resolved","level":"info"}
{"message":"______________________________________________","level":"info"}
{"message":"calling","level":"info"}
{"message":"resolved","level":"info"}
{"message":"______________________________________________","level":"info"}
{"message":"calling","level":"info"}
{"message":"resolved","level":"info"}
{"message":"______________________________________________","level":"info"}
{"message":"calling","level":"info"}
{"message":"resolved","level":"info"}
{"message":"______________________________________________","level":"info"}
{"message":"calling","level":"info"}
{"message":"resolved","level":"info"}
{"message":"______________________________________________","level":"info"}
{"message":"calling","level":"info"}
{"message":"resolved","level":"info"}
{"message":"______________________________________________","level":"info"}
{"message":"calling","level":"info"}
{"message":"resolved","level":"info"}
{"message":"______________________________________________","level":"info"}
{"message":"calling","level":"info"}
{"message":"resolved","level":"info"}
{"message":"______________________________________________","level":"info"}
{"message":"calling","level":"info"}
{"message":"resolved","level":"info"}
{"message":"______________________________________________","level":"info"}
{"message":"calling","level":"info"}
{"message":"resolved","level":"info"}
{"message":"______________________________________________","level":"info"}
{"message":"calling","level":"info"}
{"message":"resolved","level":"info"}
{"message":"______________________________________________","level":"info"}
{"message":"calling","level":"info"}
{"message":"resolved","level":"info"}
{"message":"______________________________________________","level":"info"}
{"message":"calling","level":"info"}
{"message":"resolved","level":"info"}
{"message":"______________________________________________","level":"info"}
{"message":"calling","level":"info"}
{"message":"resolved","level":"info"}
{"message":"______________________________________________","level":"info"}
{"message":"calling","level":"info"}
{"message":"resolved","level":"info"}
{"message":"______________________________________________","level":"info"}
{"message":"calling","level":"info"}
{"message":"resolved","level":"info"}
{"message":"______________________________________________","level":"info"}
{"message":"calling","level":"info"}
{"message":"resolved","level":"info"}
{"message":"______________________________________________","level":"info"}
{"message":"calling","level":"info"}
{"message":"resolved","level":"info"}
{"message":"______________________________________________","level":"info"}
{"message":"calling","level":"info"}
{"message":"resolved","level":"info"}
{"message":"______________________________________________","level":"info"}
{"message":"calling","level":"info"}
{"message":"resolved","level":"info"}
{"message":"______________________________________________","level":"info"}
{"message":"calling","level":"info"}
{"message":"resolved","level":"info"}
{"message":"______________________________________________","level":"info"}
{"message":"calling","level":"info"}
{"message":"resolved","level":"info"}
{"message":"______________________________________________","level":"info"}
{"message":"calling","level":"info"}
{"message":"resolved","level":"info"}
{"message":"______________________________________________","level":"info"}
{"message":"calling","level":"info"}
{"message":"resolved","level":"info"}
{"message":"______________________________________________","level":"info"}
{"message":"calling","level":"info"}
{"message":"resolved","level":"info"}
{"message":"______________________________________________","level":"info"}
{"message":"calling","level":"info"}
{"message":"resolved","level":"info"}
{"message":"______________________________________________","level":"info"}
{"message":"calling","level":"info"}
{"message":"resolved","level":"info"}
{"message":"______________________________________________","level":"info"}
{"message":"calling","level":"info"}
{"message":"resolved","level":"info"}
{"message":"______________________________________________","level":"info"}
{"message":"calling","level":"info"}
{"message":"resolved","level":"info"}
{"message":"______________________________________________","level":"info"}
{"message":"calling","level":"info"}
{"message":"resolved","level":"info"}
{"message":"______________________________________________","level":"info"}
{"message":"calling","level":"info"}
{"message":"resolved","level":"info"}
{"message":"______________________________________________","level":"info"}
{"message":"calling","level":"info"}
{"message":"resolved","level":"info"}
{"message":"______________________________________________","level":"info"}
{"message":"calling","level":"info"}
{"message":"resolved","level":"info"}
{"message":"______________________________________________","level":"info"}
{"message":"calling","level":"info"}
{"message":"resolved","level":"info"}
{"message":"______________________________________________","level":"info"}
{"message":"calling","level":"info"}
{"message":"resolved","level":"info"}
{"message":"______________________________________________","level":"info"}
{"message":"calling","level":"info"}
{"message":"resolved","level":"info"}
{"message":"______________________________________________","level":"info"}
{"message":"calling","level":"info"}
{"message":"resolved","level":"info"}
{"message":"______________________________________________","level":"info"}
