{"level":"info","message":"inserted songs to collection officialcharts","timestamp":"8:21:57 PM"}
{"level":"info","message":"resolved","timestamp":"8:21:58 PM"}
{"level":"info","message":"______________________________________________","timestamp":"8:21:58 PM"}
{"level":"info","message":"calling","timestamp":"8:21:58 PM"}
{"id":"2","title":"Perfect","author":"Ed Sheeran","url":"2Vv-BfVoq4g","level":"info","message":"","timestamp":"8:21:58 PM"}
{"level":"info","message":"1 document inserted to billboards collection","timestamp":"8:21:58 PM"}
{"level":"info","message":"resolved","timestamp":"8:22:01 PM"}
{"level":"info","message":"______________________________________________","timestamp":"8:22:01 PM"}
{"level":"info","message":"calling","timestamp":"8:22:01 PM"}
{"id":"3","title":"Finesse","author":"Bruno Mars & Cardi B","url":"LsoLEjrDogU","level":"info","message":"","timestamp":"8:22:01 PM"}
{"level":"info","message":"1 document inserted to billboards collection","timestamp":"8:22:01 PM"}
{"level":"info","message":"resolved","timestamp":"8:22:04 PM"}
{"level":"info","message":"______________________________________________","timestamp":"8:22:04 PM"}
{"level":"info","message":"calling","timestamp":"8:22:04 PM"}
{"id":"4","title":"Havana","author":"Camila Cabello Featuring Young Thug","url":"BQ0mxQXmLsk","level":"info","message":"","timestamp":"8:22:04 PM"}
{"level":"info","message":"1 document inserted to billboards collection","timestamp":"8:22:05 PM"}
{"level":"info","message":"resolved","timestamp":"8:22:07 PM"}
{"level":"info","message":"______________________________________________","timestamp":"8:22:07 PM"}
{"level":"info","message":"calling","timestamp":"8:22:07 PM"}
{"id":"5","title":"Rockstar","author":"Post Malone Featuring 21 Savage","url":"UceaB4D0jpo","level":"info","message":"","timestamp":"8:22:07 PM"}
{"level":"info","message":"1 document inserted to billboards collection","timestamp":"8:22:07 PM"}
{"level":"info","message":"resolved","timestamp":"8:22:10 PM"}
{"level":"info","message":"______________________________________________","timestamp":"8:22:10 PM"}
{"level":"info","message":"calling","timestamp":"8:22:10 PM"}
{"id":"6","title":"Bad At Love","author":"Halsey","url":"xdYFuCp3m9k","level":"info","message":"","timestamp":"8:22:10 PM"}
{"level":"info","message":"1 document inserted to billboards collection","timestamp":"8:22:10 PM"}
{"level":"info","message":"resolved","timestamp":"8:22:13 PM"}
{"level":"info","message":"______________________________________________","timestamp":"8:22:13 PM"}
{"level":"info","message":"calling","timestamp":"8:22:13 PM"}
{"id":"7","title":"New Rules","author":"Dua Lipa","url":"k2qgadSvNyU","level":"info","message":"","timestamp":"8:22:14 PM"}
{"level":"info","message":"1 document inserted to billboards collection","timestamp":"8:22:14 PM"}
{"level":"info","message":"resolved","timestamp":"8:22:16 PM"}
{"level":"info","message":"______________________________________________","timestamp":"8:22:16 PM"}
{"level":"info","message":"calling","timestamp":"8:22:16 PM"}
{"id":"8","title":"MotorSport","author":"Migos, Nicki Minaj & Cardi B","url":"9v_rtaye2yY","level":"info","message":"","timestamp":"8:22:17 PM"}
{"level":"info","message":"1 document inserted to billboards collection","timestamp":"8:22:17 PM"}
{"level":"info","message":"resolved","timestamp":"8:22:19 PM"}
{"level":"info","message":"______________________________________________","timestamp":"8:22:19 PM"}
{"level":"info","message":"calling","timestamp":"8:22:19 PM"}
{"id":"9","title":"Say Something","author":"Justin Timberlake Featuring Chris Stapleton","url":"8MPbR6Cbwi4","level":"info","message":"","timestamp":"8:22:20 PM"}
{"level":"info","message":"1 document inserted to billboards collection","timestamp":"8:22:20 PM"}
{"level":"info","message":"resolved","timestamp":"8:22:22 PM"}
{"level":"info","message":"______________________________________________","timestamp":"8:22:22 PM"}
{"level":"info","message":"calling","timestamp":"8:22:22 PM"}
{"id":"10","title":"Thunder","author":"Imagine Dragons","url":"fKopy74weus","level":"info","message":"","timestamp":"8:22:23 PM"}
{"level":"info","message":"1 document inserted to billboards collection","timestamp":"8:22:23 PM"}
{"level":"info","message":"resolved","timestamp":"8:22:25 PM"}
{"level":"info","message":"______________________________________________","timestamp":"8:22:25 PM"}
{"level":"info","message":"calling","timestamp":"8:22:25 PM"}
{"id":"11","title":"Meant To Be","author":"Bebe Rexha & Florida Georgia Line","url":"zDo0H8Fm7d0","level":"info","message":"","timestamp":"8:22:26 PM"}
{"level":"info","message":"1 document inserted to billboards collection","timestamp":"8:22:26 PM"}
{"level":"info","message":"resolved","timestamp":"8:22:29 PM"}
{"level":"info","message":"______________________________________________","timestamp":"8:22:29 PM"}
{"level":"info","message":"calling","timestamp":"8:22:29 PM"}
{"id":"12","title":"Stir Fry","author":"Migos","url":"HI-mXMr8glQ","level":"info","message":"","timestamp":"8:22:29 PM"}
{"level":"info","message":"1 document inserted to billboards collection","timestamp":"8:22:29 PM"}
{"level":"info","message":"resolved","timestamp":"8:22:32 PM"}
{"level":"info","message":"______________________________________________","timestamp":"8:22:32 PM"}
{"level":"info","message":"calling","timestamp":"8:22:32 PM"}
{"id":"13","title":"No Limit","author":"G-Eazy Featuring A$AP Rocky & Cardi B","url":"PGfSaVDymjk","level":"info","message":"","timestamp":"8:22:32 PM"}
{"level":"info","message":"1 document inserted to billboards collection","timestamp":"8:22:33 PM"}
{"level":"info","message":"resolved","timestamp":"8:22:35 PM"}
{"level":"info","message":"______________________________________________","timestamp":"8:22:35 PM"}
{"level":"info","message":"calling","timestamp":"8:22:35 PM"}
{"id":"14","title":"Let You Down","author":"NF","url":"0501BTnbrxg","level":"info","message":"","timestamp":"8:22:36 PM"}
{"level":"info","message":"1 document inserted to billboards collection","timestamp":"8:22:36 PM"}
{"level":"info","message":"resolved","timestamp":"8:22:38 PM"}
{"level":"info","message":"______________________________________________","timestamp":"8:22:38 PM"}
{"level":"info","message":"calling","timestamp":"8:22:38 PM"}
{"id":"15","title":"Love.","author":"Kendrick Lamar Featuring Zacari","url":"ox7RsX1Ee34","level":"info","message":"","timestamp":"8:22:39 PM"}
{"level":"info","message":"1 document inserted to billboards collection","timestamp":"8:22:39 PM"}
{"level":"info","message":"resolved","timestamp":"8:22:41 PM"}
{"level":"info","message":"______________________________________________","timestamp":"8:22:41 PM"}
{"level":"info","message":"calling","timestamp":"8:22:41 PM"}
{"id":"16","title":"Him & I","author":"G-Eazy & Halsey","url":"SA7AIQw-7Ms","level":"info","message":"","timestamp":"8:22:42 PM"}
{"level":"info","message":"1 document inserted to billboards collection","timestamp":"8:22:42 PM"}
{"level":"info","message":"resolved","timestamp":"8:22:44 PM"}
{"level":"info","message":"______________________________________________","timestamp":"8:22:44 PM"}
{"level":"info","message":"calling","timestamp":"8:22:44 PM"}
{"id":"17","title":"I Fall Apart","author":"Post Malone","url":"7a66clRobKI","level":"info","message":"","timestamp":"8:22:45 PM"}
{"level":"info","message":"1 document inserted to billboards collection","timestamp":"8:22:45 PM"}
{"level":"info","message":"resolved","timestamp":"8:22:47 PM"}
{"level":"info","message":"______________________________________________","timestamp":"8:22:47 PM"}
{"level":"info","message":"calling","timestamp":"8:22:47 PM"}
{"id":"18","title":"Walk It Talk It","author":"Migos Featuring Drake","url":"A_xWDAbnBSU","level":"info","message":"","timestamp":"8:22:48 PM"}
{"level":"info","message":"1 document inserted to billboards collection","timestamp":"8:22:49 PM"}
{"level":"info","message":"resolved","timestamp":"8:22:50 PM"}
{"level":"info","message":"______________________________________________","timestamp":"8:22:50 PM"}
{"level":"info","message":"calling","timestamp":"8:22:50 PM"}
{"id":"19","title":"Bartier Cardi","author":"Cardi B Featuring 21 Savage","url":"sXP6vliZIHI","level":"info","message":"","timestamp":"8:22:51 PM"}
{"level":"info","message":"1 document inserted to billboards collection","timestamp":"8:22:51 PM"}
{"level":"info","message":"resolved","timestamp":"8:22:53 PM"}
{"level":"info","message":"______________________________________________","timestamp":"8:22:53 PM"}
{"level":"info","message":"calling","timestamp":"8:22:53 PM"}
{"id":"20","title":"Too Good At Goodbyes","author":"Sam Smith","url":"J_ub7Etch2U","level":"info","message":"","timestamp":"8:22:54 PM"}
{"level":"info","message":"1 document inserted to billboards collection","timestamp":"8:22:54 PM"}
{"level":"info","message":"resolved","timestamp":"8:22:56 PM"}
{"level":"info","message":"______________________________________________","timestamp":"8:22:57 PM"}
{"level":"info","message":"calling","timestamp":"8:22:57 PM"}
{"id":"21","title":"How Long","author":"Charlie Puth","url":"CwfoyVa980U","level":"info","message":"","timestamp":"8:22:57 PM"}
{"level":"info","message":"1 document inserted to billboards collection","timestamp":"8:22:58 PM"}
{"level":"info","message":"resolved","timestamp":"8:23:00 PM"}
{"level":"info","message":"______________________________________________","timestamp":"8:23:00 PM"}
{"level":"info","message":"calling","timestamp":"8:23:00 PM"}
{"id":"22","title":"Shape Of You","author":"Ed Sheeran","url":"JGwWNGJdvx8","level":"info","message":"","timestamp":"8:23:01 PM"}
{"level":"info","message":"1 document inserted to billboards collection","timestamp":"8:23:01 PM"}
{"level":"info","message":"resolved","timestamp":"8:23:03 PM"}
{"level":"info","message":"______________________________________________","timestamp":"8:23:03 PM"}
{"level":"info","message":"calling","timestamp":"8:23:03 PM"}
{"id":"23","title":"The Middle","author":"Zedd, Maren Morris & Grey","url":"Lj6Y6JCu-l4","level":"info","message":"","timestamp":"8:23:04 PM"}
{"level":"info","message":"1 document inserted to billboards collection","timestamp":"8:23:04 PM"}
{"level":"info","message":"resolved","timestamp":"8:23:06 PM"}
{"level":"info","message":"______________________________________________","timestamp":"8:23:06 PM"}
{"level":"info","message":"calling","timestamp":"8:23:06 PM"}
{"id":"24","title":"Gummo","author":"6ix9ine","url":"gAs9HZC9c7Y","level":"info","message":"","timestamp":"8:23:07 PM"}
{"level":"info","message":"1 document inserted to billboards collection","timestamp":"8:23:07 PM"}
{"level":"info","message":"resolved","timestamp":"8:23:09 PM"}
{"level":"info","message":"______________________________________________","timestamp":"8:23:09 PM"}
{"level":"info","message":"calling","timestamp":"8:23:09 PM"}
{"id":"25","title":"Bodak Yellow (Money Moves)","author":"Cardi B","url":"PEGccV-NOm8","level":"info","message":"","timestamp":"8:23:10 PM"}
{"level":"info","message":"1 document inserted to billboards collection","timestamp":"8:23:10 PM"}
{"level":"info","message":"resolved","timestamp":"8:23:12 PM"}
{"level":"info","message":"______________________________________________","timestamp":"8:23:12 PM"}
{"level":"info","message":"calling","timestamp":"8:23:12 PM"}
{"id":"26","title":"Gucci Gang","author":"Lil Pump","url":"4LfJnj66HVQ","level":"info","message":"","timestamp":"8:23:13 PM"}
{"level":"info","message":"1 document inserted to billboards collection","timestamp":"8:23:14 PM"}
{"level":"info","message":"resolved","timestamp":"8:23:15 PM"}
{"level":"info","message":"______________________________________________","timestamp":"8:23:15 PM"}
{"level":"info","message":"calling","timestamp":"8:23:15 PM"}
{"id":"27","title":"Feel It Still","author":"Portugal. The Man","url":"pBkHHoOIIn8","level":"info","message":"","timestamp":"8:23:16 PM"}
{"level":"info","message":"1 document inserted to billboards collection","timestamp":"8:23:16 PM"}
{"level":"info","message":"resolved","timestamp":"8:23:18 PM"}
{"level":"info","message":"______________________________________________","timestamp":"8:23:18 PM"}
{"level":"info","message":"calling","timestamp":"8:23:18 PM"}
{"id":"28","title":"You Make It Easy","author":"Jason Aldean","url":"jLCHpZ6B1gU","level":"info","message":"","timestamp":"8:23:19 PM"}
{"level":"info","message":"1 document inserted to billboards collection","timestamp":"8:23:20 PM"}
{"level":"info","message":"resolved","timestamp":"8:23:21 PM"}
{"level":"info","message":"______________________________________________","timestamp":"8:23:21 PM"}
{"level":"info","message":"calling","timestamp":"8:23:21 PM"}
{"id":"29","title":"Believer","author":"Imagine Dragons","url":"7wtfhZwyrcc","level":"info","message":"","timestamp":"8:23:23 PM"}
{"level":"info","message":"1 document inserted to billboards collection","timestamp":"8:23:24 PM"}
{"level":"info","message":"resolved","timestamp":"8:23:24 PM"}
{"level":"info","message":"______________________________________________","timestamp":"8:23:24 PM"}
{"level":"info","message":"calling","timestamp":"8:23:24 PM"}
{"id":"30","title":"Wolves","author":"Selena Gomez X Marshmello","url":"cH4E_t3m3xM","level":"info","message":"","timestamp":"8:23:27 PM"}
{"level":"info","message":"1 document inserted to billboards collection","timestamp":"8:23:27 PM"}
{"level":"info","message":"resolved","timestamp":"8:23:27 PM"}
{"level":"info","message":"______________________________________________","timestamp":"8:23:27 PM"}
{"level":"info","message":"calling","timestamp":"8:23:27 PM"}
{"id":"31","title":"Sky Walker","author":"Miguel Featuring Travis Scott","url":"76O3w4pt0CA","level":"info","message":"","timestamp":"8:23:29 PM"}
{"level":"info","message":"1 document inserted to billboards collection","timestamp":"8:23:29 PM"}
{"level":"info","message":"resolved","timestamp":"8:23:30 PM"}
{"level":"info","message":"______________________________________________","timestamp":"8:23:30 PM"}
{"level":"info","message":"calling","timestamp":"8:23:30 PM"}
{"id":"32","title":"Never Be The Same","author":"Camila Cabello","url":"undefined","level":"info","message":"","timestamp":"8:23:33 PM"}
{"level":"info","message":"1 document inserted to billboards collection","timestamp":"8:23:33 PM"}
{"level":"info","message":"resolved","timestamp":"8:23:33 PM"}
{"level":"info","message":"______________________________________________","timestamp":"8:23:33 PM"}
{"level":"info","message":"calling","timestamp":"8:23:33 PM"}
{"id":"33","title":"1-800-273-8255","author":"Logic Featuring Alessia Cara & Khalid","url":"Kb24RrHIbFk","level":"info","message":"","timestamp":"8:23:35 PM"}
{"level":"info","message":"1 document inserted to billboards collection","timestamp":"8:23:36 PM"}
{"level":"info","message":"resolved","timestamp":"8:23:36 PM"}
{"level":"info","message":"______________________________________________","timestamp":"8:23:37 PM"}
{"level":"info","message":"calling","timestamp":"8:23:37 PM"}
{"id":"34","title":"Plain Jane","author":"A$AP Ferg Featuring Nicki Minaj","url":"XDMGmtpvBjs","level":"info","message":"","timestamp":"8:23:38 PM"}
{"level":"info","message":"1 document inserted to billboards collection","timestamp":"8:23:39 PM"}
{"level":"info","message":"resolved","timestamp":"8:23:40 PM"}
{"level":"info","message":"______________________________________________","timestamp":"8:23:40 PM"}
{"level":"info","message":"calling","timestamp":"8:23:40 PM"}
{"id":"35","title":"Young Dumb & Broke","author":"Khalid","url":"IPfJnp1guPc","level":"info","message":"","timestamp":"8:23:40 PM"}
{"level":"info","message":"1 document inserted to billboards collection","timestamp":"8:23:41 PM"}
{"level":"info","message":"resolved","timestamp":"8:23:43 PM"}
{"level":"info","message":"______________________________________________","timestamp":"8:23:43 PM"}
{"level":"info","message":"calling","timestamp":"8:23:43 PM"}
{"id":"36","title":"Narcos","author":"Migos","url":"Xful8O9nTTs","level":"info","message":"","timestamp":"8:23:43 PM"}
{"level":"info","message":"1 document inserted to billboards collection","timestamp":"8:23:43 PM"}
{"level":"info","message":"resolved","timestamp":"8:23:46 PM"}
{"level":"info","message":"______________________________________________","timestamp":"8:23:46 PM"}
{"level":"info","message":"calling","timestamp":"8:23:46 PM"}
{"id":"37","title":"I Get The Bag","author":"Gucci Mane Featuring Migos","url":"uo14xGYwWd4","level":"info","message":"","timestamp":"8:23:46 PM"}
{"level":"info","message":"1 document inserted to billboards collection","timestamp":"8:23:46 PM"}
{"level":"info","message":"resolved","timestamp":"8:23:49 PM"}
{"level":"info","message":"______________________________________________","timestamp":"8:23:49 PM"}
{"level":"info","message":"calling","timestamp":"8:23:49 PM"}
{"id":"38","title":"Lights Down Low","author":"MAX Featuring gnash","url":"5-xVwxqjNyI","level":"info","message":"","timestamp":"8:23:49 PM"}
{"level":"info","message":"1 document inserted to billboards collection","timestamp":"8:23:49 PM"}
{"level":"info","message":"resolved","timestamp":"8:23:52 PM"}
{"level":"info","message":"______________________________________________","timestamp":"8:23:52 PM"}
{"level":"info","message":"calling","timestamp":"8:23:52 PM"}
{"id":"39","title":"Marry Me","author":"Thomas Rhett","url":"p_IwENcMPOA","level":"info","message":"","timestamp":"8:23:52 PM"}
{"level":"info","message":"1 document inserted to billboards collection","timestamp":"8:23:52 PM"}
{"level":"info","message":"resolved","timestamp":"8:23:55 PM"}
{"level":"info","message":"______________________________________________","timestamp":"8:23:55 PM"}
{"level":"info","message":"calling","timestamp":"8:23:55 PM"}
{"id":"40","title":"Roll In Peace","author":"Kodak Black Featuring XXXTENTACION","url":"S0nbOenwCLw","level":"info","message":"","timestamp":"8:23:56 PM"}
{"level":"info","message":"1 document inserted to billboards collection","timestamp":"8:23:56 PM"}
{"level":"info","message":"resolved","timestamp":"8:23:58 PM"}
{"level":"info","message":"______________________________________________","timestamp":"8:23:58 PM"}
{"level":"info","message":"calling","timestamp":"8:23:58 PM"}
{"id":"41","title":"Mine","author":"Bazzi","url":"Gc71AmT_b2k","level":"info","message":"","timestamp":"8:23:58 PM"}
{"level":"info","message":"1 document inserted to billboards collection","timestamp":"8:23:59 PM"}
{"level":"info","message":"resolved","timestamp":"8:24:01 PM"}
{"level":"info","message":"______________________________________________","timestamp":"8:24:01 PM"}
{"level":"info","message":"calling","timestamp":"8:24:01 PM"}
{"id":"42","title":"Sorry Not Sorry","author":"Demi Lovato","url":"-MsvER1dpjM","level":"info","message":"","timestamp":"8:24:01 PM"}
{"level":"info","message":"1 document inserted to billboards collection","timestamp":"8:24:02 PM"}
{"level":"info","message":"resolved","timestamp":"8:24:04 PM"}
{"level":"info","message":"______________________________________________","timestamp":"8:24:04 PM"}
{"level":"info","message":"calling","timestamp":"8:24:04 PM"}
{"id":"43","title":"End Game","author":"Taylor Swift Featuring Ed Sheeran & Future","url":"dfnCAmr569k","level":"info","message":"","timestamp":"8:24:05 PM"}
{"level":"info","message":"1 document inserted to billboards collection","timestamp":"8:24:05 PM"}
{"level":"info","message":"resolved","timestamp":"8:24:07 PM"}
{"level":"info","message":"______________________________________________","timestamp":"8:24:07 PM"}
{"level":"info","message":"calling","timestamp":"8:24:07 PM"}
{"id":"44","title":"River","author":"Eminem Featuring Ed Sheeran","url":"3BXDsVD6O10","level":"info","message":"","timestamp":"8:24:08 PM"}
{"level":"info","message":"1 document inserted to billboards collection","timestamp":"8:24:08 PM"}
{"level":"info","message":"resolved","timestamp":"8:24:10 PM"}
{"level":"info","message":"______________________________________________","timestamp":"8:24:10 PM"}
{"level":"info","message":"calling","timestamp":"8:24:10 PM"}
{"id":"45","title":"Outside Today","author":"YoungBoy Never Broke Again","url":"74hZN9i2eEA","level":"info","message":"","timestamp":"8:24:11 PM"}
{"level":"info","message":"1 document inserted to billboards collection","timestamp":"8:24:11 PM"}
{"level":"info","message":"resolved","timestamp":"8:24:13 PM"}
{"level":"info","message":"______________________________________________","timestamp":"8:24:13 PM"}
{"level":"info","message":"calling","timestamp":"8:24:13 PM"}
{"id":"46","title":"Ric Flair Drip","author":"Offset & Metro Boomin","url":"OwbI9IY9Roo","level":"info","message":"","timestamp":"8:24:14 PM"}
{"level":"info","message":"1 document inserted to billboards collection","timestamp":"8:24:14 PM"}
{"level":"info","message":"resolved","timestamp":"8:24:16 PM"}
{"level":"info","message":"______________________________________________","timestamp":"8:24:16 PM"}
{"level":"info","message":"calling","timestamp":"8:24:16 PM"}
{"id":"47","title":"Lemon","author":"N*E*R*D & Rihanna ","url":"L_u97PqWX6g","level":"info","message":"","timestamp":"8:24:17 PM"}
{"level":"info","message":"1 document inserted to billboards collection","timestamp":"8:24:17 PM"}
{"level":"info","message":"resolved","timestamp":"8:24:19 PM"}
{"level":"info","message":"______________________________________________","timestamp":"8:24:19 PM"}
{"level":"info","message":"calling","timestamp":"8:24:19 PM"}
{"id":"48","title":"BBO (Bad Bitches Only)","author":"Migos Featuring 21 Savage","url":"8zN0omZgVhU","level":"info","message":"","timestamp":"8:24:20 PM"}
{"level":"info","message":"1 document inserted to billboards collection","timestamp":"8:24:20 PM"}
{"level":"info","message":"resolved","timestamp":"8:24:22 PM"}
{"level":"info","message":"______________________________________________","timestamp":"8:24:22 PM"}
{"level":"info","message":"calling","timestamp":"8:24:22 PM"}
{"id":"49","title":"The Way Life Goes","author":"Lil Uzi Vert Featuring Nicki Minaj","url":"SxAp27sFaIM","level":"info","message":"","timestamp":"8:24:23 PM"}
{"level":"info","message":"1 document inserted to billboards collection","timestamp":"8:24:23 PM"}
{"level":"info","message":"resolved","timestamp":"8:24:25 PM"}
{"level":"info","message":"______________________________________________","timestamp":"8:24:25 PM"}
{"level":"info","message":"calling","timestamp":"8:24:25 PM"}
{"id":"50","title":"Let Me Go","author":"Hailee Steinfeld & Alesso Featuring Florida Georgia Line & Watt","url":"BQ_0QLL2gqI","level":"info","message":"","timestamp":"8:24:26 PM"}
{"level":"info","message":"1 document inserted to billboards collection","timestamp":"8:24:26 PM"}
{"level":"info","message":"resolved","timestamp":"8:24:28 PM"}
{"level":"info","message":"______________________________________________","timestamp":"8:24:28 PM"}
{"level":"info","message":"calling","timestamp":"8:24:28 PM"}
{"id":"51","title":"Filthy","author":"Justin Timberlake","url":"gA-NDZb29I4","level":"info","message":"","timestamp":"8:24:29 PM"}
{"level":"info","message":"1 document inserted to billboards collection","timestamp":"8:24:29 PM"}
{"level":"info","message":"resolved","timestamp":"8:24:31 PM"}
{"level":"info","message":"______________________________________________","timestamp":"8:24:31 PM"}
{"level":"info","message":"calling","timestamp":"8:24:31 PM"}
{"id":"52","title":"Notice Me","author":"Migos Featuring Post Malone","url":"vHZgnlZho50","level":"info","message":"","timestamp":"8:24:32 PM"}
{"level":"info","message":"1 document inserted to billboards collection","timestamp":"8:24:32 PM"}
{"level":"info","message":"resolved","timestamp":"8:24:34 PM"}
{"level":"info","message":"______________________________________________","timestamp":"8:24:34 PM"}
{"level":"info","message":"calling","timestamp":"8:24:34 PM"}
{"id":"53","title":"Supastars","author":"Migos","url":"hYc95vB-nT4","level":"info","message":"","timestamp":"8:24:35 PM"}
{"level":"info","message":"1 document inserted to billboards collection","timestamp":"8:24:35 PM"}
{"level":"info","message":"resolved","timestamp":"8:24:37 PM"}
{"level":"info","message":"______________________________________________","timestamp":"8:24:37 PM"}
{"level":"info","message":"calling","timestamp":"8:24:37 PM"}
{"id":"54","title":"All The Stars","author":"Kendrick Lamar & SZA","url":"JQbjS0_ZfJ0","level":"info","message":"","timestamp":"8:24:38 PM"}
{"level":"info","message":"1 document inserted to billboards collection","timestamp":"8:24:39 PM"}
{"level":"info","message":"resolved","timestamp":"8:24:40 PM"}
{"level":"info","message":"______________________________________________","timestamp":"8:24:40 PM"}
{"level":"info","message":"calling","timestamp":"8:24:40 PM"}
{"id":"55","title":"Diplomatic Immunity","author":"Drake","url":"X8eV71SRjx4","level":"info","message":"","timestamp":"8:24:41 PM"}
{"level":"info","message":"1 document inserted to billboards collection","timestamp":"8:24:41 PM"}
{"level":"info","message":"resolved","timestamp":"8:24:43 PM"}
{"level":"info","message":"______________________________________________","timestamp":"8:24:43 PM"}
{"level":"info","message":"calling","timestamp":"8:24:43 PM"}
{"id":"56","title":"Wait","author":"Maroon 5","url":"4uTNVumfm84","level":"info","message":"","timestamp":"8:24:44 PM"}
{"level":"info","message":"1 document inserted to billboards collection","timestamp":"8:24:44 PM"}
{"level":"info","message":"resolved","timestamp":"8:24:46 PM"}
{"level":"info","message":"______________________________________________","timestamp":"8:24:46 PM"}
{"level":"info","message":"calling","timestamp":"8:24:46 PM"}
{"id":"57","title":"Yours","author":"Russell Dickerson","url":"g83se50wTrs","level":"info","message":"","timestamp":"8:24:47 PM"}
{"level":"info","message":"1 document inserted to billboards collection","timestamp":"8:24:47 PM"}
{"level":"info","message":"resolved","timestamp":"8:24:49 PM"}
{"level":"info","message":"______________________________________________","timestamp":"8:24:49 PM"}
{"level":"info","message":"calling","timestamp":"8:24:50 PM"}
{"id":"58","title":"Written In The Sand","author":"Old Dominion","url":"NzrQg6TMd6c","level":"info","message":"","timestamp":"8:24:50 PM"}
{"level":"info","message":"1 document inserted to billboards collection","timestamp":"8:24:50 PM"}
{"level":"info","message":"resolved","timestamp":"8:24:53 PM"}
{"level":"info","message":"______________________________________________","timestamp":"8:24:53 PM"}
{"level":"info","message":"calling","timestamp":"8:24:53 PM"}
{"id":"59","title":"Good Old Days","author":"Macklemore Featuring Kesha","url":"1yYV9-KoSUM","level":"info","message":"","timestamp":"8:24:53 PM"}
{"level":"info","message":"1 document inserted to billboards collection","timestamp":"8:24:53 PM"}
{"level":"info","message":"resolved","timestamp":"8:24:56 PM"}
{"level":"info","message":"______________________________________________","timestamp":"8:24:56 PM"}
{"level":"info","message":"calling","timestamp":"8:24:56 PM"}
{"id":"60","title":"Losing Sleep","author":"Chris Young","url":"zKriLekFPwg","level":"info","message":"","timestamp":"8:24:56 PM"}
{"level":"info","message":"1 document inserted to billboards collection","timestamp":"8:24:56 PM"}
{"level":"info","message":"resolved","timestamp":"8:24:59 PM"}
{"level":"info","message":"______________________________________________","timestamp":"8:24:59 PM"}
{"level":"info","message":"calling","timestamp":"8:24:59 PM"}
{"id":"61","title":"Five More Minutes","author":"Scotty McCreery","url":"2dPDBU9MC8c","level":"info","message":"","timestamp":"8:24:59 PM"}
{"level":"info","message":"1 document inserted to billboards collection","timestamp":"8:24:59 PM"}
{"level":"info","message":"resolved","timestamp":"8:25:02 PM"}
{"level":"info","message":"______________________________________________","timestamp":"8:25:02 PM"}
{"level":"info","message":"calling","timestamp":"8:25:02 PM"}
{"id":"62","title":"Broken Halos","author":"Chris Stapleton","url":"sI0TeFf6uD8","level":"info","message":"","timestamp":"8:25:02 PM"}
{"level":"info","message":"1 document inserted to billboards collection","timestamp":"8:25:02 PM"}
{"level":"info","message":"resolved","timestamp":"8:25:05 PM"}
{"level":"info","message":"______________________________________________","timestamp":"8:25:05 PM"}
{"level":"info","message":"calling","timestamp":"8:25:06 PM"}
{"id":"63","title":"Keke","author":"6ix9ine, Fetty Wap & A Boogie Wit da Hoodie","url":"02fRdleMSaA","level":"info","message":"","timestamp":"8:25:06 PM"}
{"level":"info","message":"1 document inserted to billboards collection","timestamp":"8:25:06 PM"}
{"level":"info","message":"resolved","timestamp":"8:25:09 PM"}
{"level":"info","message":"______________________________________________","timestamp":"8:25:09 PM"}
{"level":"info","message":"calling","timestamp":"8:25:09 PM"}
{"id":"64","title":"White Sand","author":"Migos Featuring Travis Scott, Ty Dolla $ign & Big Sean","url":"XxaLYimCpio","level":"info","message":"","timestamp":"8:25:09 PM"}
{"level":"info","message":"1 document inserted to billboards collection","timestamp":"8:25:09 PM"}
{"level":"info","message":"resolved","timestamp":"8:25:12 PM"}
{"level":"info","message":"______________________________________________","timestamp":"8:25:12 PM"}
{"level":"info","message":"calling","timestamp":"8:25:12 PM"}
{"id":"65","title":"Betrayed","author":"Lil Xan","url":"EbfK7dei7ec","level":"info","message":"","timestamp":"8:25:12 PM"}
{"level":"info","message":"1 document inserted to billboards collection","timestamp":"8:25:12 PM"}
{"level":"info","message":"resolved","timestamp":"8:25:15 PM"}
{"level":"info","message":"______________________________________________","timestamp":"8:25:15 PM"}
{"level":"info","message":"calling","timestamp":"8:25:15 PM"}
{"id":"66","title":"Pick It Up","author":"Famous Dex Featuring A$AP Rocky","url":"X6SaVOLRcF4","level":"info","message":"","timestamp":"8:25:15 PM"}
{"level":"info","message":"1 document inserted to billboards collection","timestamp":"8:25:15 PM"}
{"level":"info","message":"resolved","timestamp":"8:25:18 PM"}
{"level":"info","message":"______________________________________________","timestamp":"8:25:18 PM"}
{"level":"info","message":"calling","timestamp":"8:25:18 PM"}
{"id":"67","title":"Heaven","author":"Kane Brown","url":"dRX0wDNK6S4","level":"info","message":"","timestamp":"8:25:19 PM"}
{"level":"info","message":"1 document inserted to billboards collection","timestamp":"8:25:19 PM"}
{"level":"info","message":"resolved","timestamp":"8:25:21 PM"}
{"level":"info","message":"______________________________________________","timestamp":"8:25:21 PM"}
{"level":"info","message":"calling","timestamp":"8:25:21 PM"}
{"id":"68","title":"Nowadays","author":"Lil Skies Featuring Landon Cube","url":"DlFmfxACvig","level":"info","message":"","timestamp":"8:25:22 PM"}
{"level":"info","message":"1 document inserted to billboards collection","timestamp":"8:25:22 PM"}
{"level":"info","message":"resolved","timestamp":"8:25:24 PM"}
{"level":"info","message":"______________________________________________","timestamp":"8:25:24 PM"}
{"level":"info","message":"calling","timestamp":"8:25:24 PM"}
{"id":"69","title":"You Broke Up With Me","author":"Walker Hayes","url":"A56p-ZSZ5Vc","level":"info","message":"","timestamp":"8:25:25 PM"}
{"level":"info","message":"1 document inserted to billboards collection","timestamp":"8:25:25 PM"}
{"level":"info","message":"resolved","timestamp":"8:25:27 PM"}
{"level":"info","message":"______________________________________________","timestamp":"8:25:27 PM"}
{"level":"info","message":"calling","timestamp":"8:25:27 PM"}
{"id":"70","title":"Like I Loved You","author":"Brett Young","url":"PG2azZM4w4o","level":"info","message":"","timestamp":"8:25:28 PM"}
{"level":"info","message":"1 document inserted to billboards collection","timestamp":"8:25:28 PM"}
{"level":"info","message":"resolved","timestamp":"8:25:31 PM"}
{"level":"info","message":"______________________________________________","timestamp":"8:25:31 PM"}
{"level":"info","message":"calling","timestamp":"8:25:31 PM"}
{"id":"71","title":"This Is Me","author":"Keala Settle & The Greatest Showman Ensemble","url":"wEJd2RyGm8Q","level":"info","message":"","timestamp":"8:25:31 PM"}
{"level":"info","message":"1 document inserted to billboards collection","timestamp":"8:25:31 PM"}
{"level":"info","message":"resolved","timestamp":"8:25:34 PM"}
{"level":"info","message":"______________________________________________","timestamp":"8:25:34 PM"}
{"level":"info","message":"calling","timestamp":"8:25:34 PM"}
{"id":"72","title":"Echame La Culpa","author":" Luis Fonsi & Demi Lovato","url":"TyHvyGVs42U","level":"info","message":"","timestamp":"8:25:34 PM"}
{"level":"info","message":"1 document inserted to billboards collection","timestamp":"8:25:34 PM"}
{"level":"info","message":"resolved","timestamp":"8:25:37 PM"}
{"level":"info","message":"______________________________________________","timestamp":"8:25:37 PM"}
{"level":"info","message":"calling","timestamp":"8:25:37 PM"}
{"id":"73","title":"Gang Gang","author":"Migos","url":"ZmAcslM-2QA","level":"info","message":"","timestamp":"8:25:37 PM"}
{"level":"info","message":"1 document inserted to billboards collection","timestamp":"8:25:37 PM"}
{"level":"info","message":"resolved","timestamp":"8:25:40 PM"}
{"level":"info","message":"______________________________________________","timestamp":"8:25:40 PM"}
{"level":"info","message":"calling","timestamp":"8:25:40 PM"}
{"id":"74","title":"One Foot","author":"WALK THE MOON","url":"05v4nfUmBYI","level":"info","message":"","timestamp":"8:25:40 PM"}
{"level":"info","message":"1 document inserted to billboards collection","timestamp":"8:25:40 PM"}
{"level":"info","message":"resolved","timestamp":"8:25:43 PM"}
{"level":"info","message":"______________________________________________","timestamp":"8:25:43 PM"}
{"level":"info","message":"calling","timestamp":"8:25:43 PM"}
{"id":"75","title":"New Freezer","author":"Rich The Kid Featuring Kendrick Lamar","url":"6YqSS_b_X1U","level":"info","message":"","timestamp":"8:25:43 PM"}
{"level":"info","message":"1 document inserted to billboards collection","timestamp":"8:25:43 PM"}
{"level":"info","message":"resolved","timestamp":"8:25:46 PM"}
{"level":"info","message":"______________________________________________","timestamp":"8:25:46 PM"}
{"level":"info","message":"calling","timestamp":"8:25:46 PM"}
{"id":"76","title":"All On Me","author":"Devin Dawson","url":"ntCMoh-0ogo","level":"info","message":"","timestamp":"8:25:46 PM"}
{"level":"info","message":"1 document inserted to billboards collection","timestamp":"8:25:46 PM"}
{"level":"info","message":"resolved","timestamp":"8:25:49 PM"}
{"level":"info","message":"______________________________________________","timestamp":"8:25:49 PM"}
{"level":"info","message":"calling","timestamp":"8:25:49 PM"}
{"id":"77","title":"No Smoke","author":"YoungBoy Never Broke Again","url":"K3uMMjZGhnI","level":"info","message":"","timestamp":"8:25:49 PM"}
{"level":"info","message":"1 document inserted to billboards collection","timestamp":"8:25:49 PM"}
{"level":"info","message":"resolved","timestamp":"8:25:52 PM"}
{"level":"info","message":"______________________________________________","timestamp":"8:25:52 PM"}
{"level":"info","message":"calling","timestamp":"8:25:52 PM"}
{"id":"78","title":"Tell Me You Love Me","author":"Demi Lovato","url":"SM1w9PEQOE8","level":"info","message":"","timestamp":"8:25:52 PM"}
{"level":"info","message":"1 document inserted to billboards collection","timestamp":"8:25:52 PM"}
{"level":"info","message":"resolved","timestamp":"8:25:55 PM"}
{"level":"info","message":"______________________________________________","timestamp":"8:25:55 PM"}
{"level":"info","message":"calling","timestamp":"8:25:55 PM"}
{"id":"79","title":"La Modelo","author":"Ozuna x Cardi B","url":"X8sSXU-J8fI","level":"info","message":"","timestamp":"8:25:55 PM"}
{"level":"info","message":"1 document inserted to billboards collection","timestamp":"8:25:55 PM"}
{"level":"info","message":"resolved","timestamp":"8:25:58 PM"}
{"level":"info","message":"______________________________________________","timestamp":"8:25:58 PM"}
{"level":"info","message":"calling","timestamp":"8:25:58 PM"}
{"id":"80","title":"Red Roses","author":"Lil Skies Featuring Landon Cube","url":"WlosjSe5B8c","level":"info","message":"","timestamp":"8:25:58 PM"}
{"level":"info","message":"1 document inserted to billboards collection","timestamp":"8:25:58 PM"}
{"level":"info","message":"resolved","timestamp":"8:26:01 PM"}
{"level":"info","message":"______________________________________________","timestamp":"8:26:01 PM"}
{"level":"info","message":"calling","timestamp":"8:26:01 PM"}
{"id":"81","title":"Rewrite The Stars","author":"Zac Efron & Zendaya","url":"5MrmIJ28hvk","level":"info","message":"","timestamp":"8:26:01 PM"}
{"level":"info","message":"1 document inserted to billboards collection","timestamp":"8:26:01 PM"}
{"level":"info","message":"resolved","timestamp":"8:26:04 PM"}
{"level":"info","message":"______________________________________________","timestamp":"8:26:04 PM"}
{"level":"info","message":"calling","timestamp":"8:26:04 PM"}
{"id":"82","title":"Candy Paint","author":"Post Malone","url":"mThqhAT2Irk","level":"info","message":"","timestamp":"8:26:04 PM"}
{"level":"info","message":"1 document inserted to billboards collection","timestamp":"8:26:05 PM"}
{"level":"info","message":"resolved","timestamp":"8:26:07 PM"}
{"level":"info","message":"______________________________________________","timestamp":"8:26:07 PM"}
{"level":"info","message":"calling","timestamp":"8:26:07 PM"}
{"id":"83","title":"Higher We Go (Intro)","author":"Migos","url":"5_L7zNU3cBM","level":"info","message":"","timestamp":"8:26:07 PM"}
{"level":"info","message":"1 document inserted to billboards collection","timestamp":"8:26:07 PM"}
{"level":"info","message":"resolved","timestamp":"8:26:10 PM"}
{"level":"info","message":"______________________________________________","timestamp":"8:26:10 PM"}
{"level":"info","message":"calling","timestamp":"8:26:10 PM"}
{"id":"84","title":"Legends","author":"Kelsea Ballerini","url":"nGa2-kOW810","level":"info","message":"","timestamp":"8:26:10 PM"}
{"level":"info","message":"1 document inserted to billboards collection","timestamp":"8:26:10 PM"}
{"level":"info","message":"resolved","timestamp":"8:26:13 PM"}
{"level":"info","message":"______________________________________________","timestamp":"8:26:13 PM"}
{"level":"info","message":"calling","timestamp":"8:26:13 PM"}
{"id":"85","title":"Auto Pilot","author":"Migos","url":"pVopUEy9PAE","level":"info","message":"","timestamp":"8:26:13 PM"}
{"level":"info","message":"1 document inserted to billboards collection","timestamp":"8:26:13 PM"}
{"level":"info","message":"resolved","timestamp":"8:26:16 PM"}
{"level":"info","message":"______________________________________________","timestamp":"8:26:16 PM"}
{"level":"info","message":"calling","timestamp":"8:26:16 PM"}
{"id":"86","title":"Codeine Dreaming","author":"Kodak Black Featuring Lil Wayne","url":"g7_uKDsv7HM","level":"info","message":"","timestamp":"8:26:17 PM"}
{"level":"info","message":"1 document inserted to billboards collection","timestamp":"8:26:18 PM"}
{"level":"info","message":"resolved","timestamp":"8:26:19 PM"}
{"level":"info","message":"______________________________________________","timestamp":"8:26:19 PM"}
{"level":"info","message":"calling","timestamp":"8:26:19 PM"}
{"id":"87","title":"Emoji A Chain","author":"Migos","url":"gthETpJIa14","level":"info","message":"","timestamp":"8:26:19 PM"}
{"level":"info","message":"1 document inserted to billboards collection","timestamp":"8:26:20 PM"}
{"level":"info","message":"resolved","timestamp":"8:26:22 PM"}
{"level":"info","message":"______________________________________________","timestamp":"8:26:22 PM"}
{"level":"info","message":"calling","timestamp":"8:26:22 PM"}
{"id":"88","title":"Beautiful Trauma","author":"P!nk","url":"EBt_88nxG4c","level":"info","message":"","timestamp":"8:26:22 PM"}
{"level":"info","message":"1 document inserted to billboards collection","timestamp":"8:26:23 PM"}
{"level":"info","message":"resolved","timestamp":"8:26:25 PM"}
{"level":"info","message":"______________________________________________","timestamp":"8:26:25 PM"}
{"level":"info","message":"calling","timestamp":"8:26:25 PM"}
{"id":"89","title":"Round Here Buzz","author":"Eric Church","url":"0_CksCHnooM","level":"info","message":"","timestamp":"8:26:25 PM"}
{"level":"info","message":"1 document inserted to billboards collection","timestamp":"8:26:26 PM"}
{"level":"info","message":"resolved","timestamp":"8:26:28 PM"}
{"level":"info","message":"______________________________________________","timestamp":"8:26:28 PM"}
{"level":"info","message":"calling","timestamp":"8:26:28 PM"}
{"id":"90","title":"Sick Boy","author":"The Chainsmokers","url":"eACohWVwTOc","level":"info","message":"","timestamp":"8:26:28 PM"}
{"level":"info","message":"1 document inserted to billboards collection","timestamp":"8:26:29 PM"}
{"level":"info","message":"resolved","timestamp":"8:26:31 PM"}
{"level":"info","message":"______________________________________________","timestamp":"8:26:31 PM"}
{"level":"info","message":"calling","timestamp":"8:26:31 PM"}
{"id":"91","title":"Rubbin Off The Paint","author":"YBN Nahmir","url":"AsfVZqZhtUQ","level":"info","message":"","timestamp":"8:26:32 PM"}
{"level":"info","message":"1 document inserted to billboards collection","timestamp":"8:26:32 PM"}
{"level":"info","message":"resolved","timestamp":"8:26:34 PM"}
{"level":"info","message":"______________________________________________","timestamp":"8:26:34 PM"}
{"level":"info","message":"calling","timestamp":"8:26:34 PM"}
{"id":"92","title":"El Farsante","author":"Ozuna","url":"6DRkf3kZMXw","level":"info","message":"","timestamp":"8:26:35 PM"}
{"level":"info","message":"1 document inserted to billboards collection","timestamp":"8:26:35 PM"}
{"level":"info","message":"resolved","timestamp":"8:26:37 PM"}
{"level":"info","message":"______________________________________________","timestamp":"8:26:37 PM"}
{"level":"info","message":"calling","timestamp":"8:26:37 PM"}
{"id":"93","title":"IDGAF","author":"Dua Lipa","url":"Mgfe5tIwOj0","level":"info","message":"","timestamp":"8:26:38 PM"}
{"level":"info","message":"1 document inserted to billboards collection","timestamp":"8:26:38 PM"}
{"level":"info","message":"resolved","timestamp":"8:26:40 PM"}
{"level":"info","message":"______________________________________________","timestamp":"8:26:40 PM"}
{"level":"info","message":"calling","timestamp":"8:26:40 PM"}
{"id":"94","title":"Most People Are Good","author":"Luke Bryan","url":"liqktLC7xR0","level":"info","message":"","timestamp":"8:26:41 PM"}
{"level":"info","message":"1 document inserted to billboards collection","timestamp":"8:26:41 PM"}
{"level":"info","message":"resolved","timestamp":"8:26:43 PM"}
{"level":"info","message":"______________________________________________","timestamp":"8:26:43 PM"}
{"level":"info","message":"calling","timestamp":"8:26:43 PM"}
{"id":"95","title":"Mayores","author":"Becky G Featuring Bad Bunny","url":"GMFewiplIbw","level":"info","message":"","timestamp":"8:26:44 PM"}
{"level":"info","message":"1 document inserted to billboards collection","timestamp":"8:26:44 PM"}
{"level":"info","message":"resolved","timestamp":"8:26:46 PM"}
{"level":"info","message":"______________________________________________","timestamp":"8:26:46 PM"}
{"level":"info","message":"calling","timestamp":"8:26:46 PM"}
{"id":"96","title":"CC","author":"Migos Featuring Gucci Mane","url":"Gz_rYcMl9SA","level":"info","message":"","timestamp":"8:26:47 PM"}
{"level":"info","message":"1 document inserted to billboards collection","timestamp":"8:26:47 PM"}
{"level":"info","message":"resolved","timestamp":"8:26:49 PM"}
{"level":"info","message":"______________________________________________","timestamp":"8:26:49 PM"}
{"level":"info","message":"calling","timestamp":"8:26:49 PM"}
{"id":"97","title":"Best Friend","author":"Sofi Tukker Featuring NERVO, The Knocks & Alisa Ueno","url":"4Vx7MTU-UVE","level":"info","message":"","timestamp":"8:26:50 PM"}
{"level":"info","message":"1 document inserted to billboards collection","timestamp":"8:26:50 PM"}
{"level":"info","message":"resolved","timestamp":"8:26:52 PM"}
{"level":"info","message":"______________________________________________","timestamp":"8:26:52 PM"}
{"level":"info","message":"calling","timestamp":"8:26:52 PM"}
{"id":"98","title":"MIC Drop","author":"BTS Featuring Desiigner","url":"i0aTFraTUdo","level":"info","message":"","timestamp":"8:26:53 PM"}
{"level":"info","message":"1 document inserted to billboards collection","timestamp":"8:26:53 PM"}
{"level":"info","message":"resolved","timestamp":"8:26:55 PM"}
{"level":"info","message":"______________________________________________","timestamp":"8:26:55 PM"}
{"level":"info","message":"calling","timestamp":"8:26:55 PM"}
{"id":"99","title":"King's Dead","author":"Jay Rock, Kendrick Lamar, Future & James Blake","url":"3Po4tZ_kfcU","level":"info","message":"","timestamp":"8:26:56 PM"}
{"level":"info","message":"1 document inserted to billboards collection","timestamp":"8:26:56 PM"}
{"level":"info","message":"resolved","timestamp":"8:26:58 PM"}
{"level":"info","message":"______________________________________________","timestamp":"8:26:58 PM"}
{"level":"info","message":"calling","timestamp":"8:26:58 PM"}
{"id":"100","title":"Corazon","author":"Maluma X Nego do Borel","url":"GmHrjFIWl6U","level":"info","message":"","timestamp":"8:26:59 PM"}
{"level":"info","message":"1 document inserted to billboards collection","timestamp":"8:26:59 PM"}
{"level":"info","message":"resolved","timestamp":"8:27:02 PM"}
{"level":"info","message":"______________________________________________","timestamp":"8:27:02 PM"}
