{"level":"info","message":"Starting application","timestamp":"12:00:33 AM"}
{"level":"info","message":"Initializing connection to MongoDB","timestamp":"12:00:33 AM"}
{"level":"info","message":"App listening at http://:::98","timestamp":"12:00:35 AM"}
{"level":"info","message":"Got a connection from IP address::1 to scrape websites and save them to DB","timestamp":"12:00:35 AM"}
{"level":"info","message":"Web scrapping initialized","timestamp":"12:00:35 AM"}
{"level":"info","message":"Successfuly connected to MongoDB","timestamp":"12:00:37 AM"}
{"level":"info","message":"http://www.officialcharts.com/chart-news/the-official-top-40-biggest-songs-of-2017-so-far__18652/ successfuly scraped.","timestamp":"12:00:38 AM"}
{"level":"info","message":"collection officialcharts deleted","timestamp":"12:00:38 AM"}
{"level":"info","message":"inserted songs to collection officialcharts","timestamp":"12:00:39 AM"}
{"level":"info","message":"Starting application","timestamp":"12:02:45 AM"}
{"level":"info","message":"Initializing connection to MongoDB","timestamp":"12:02:45 AM"}
{"level":"info","message":"App listening at http://:::98","timestamp":"12:02:45 AM"}
{"level":"info","message":"Successfuly connected to MongoDB","timestamp":"12:02:46 AM"}
{"level":"info","message":"Got a connection from IP address::1 to scrape websites and save them to DB","timestamp":"12:02:47 AM"}
{"level":"info","message":"Web scrapping initialized","timestamp":"12:02:47 AM"}
{"level":"info","message":"http://www.officialcharts.com/chart-news/the-official-top-40-biggest-songs-of-2017-so-far__18652/ successfuly scraped.","timestamp":"12:02:52 AM"}
{"level":"info","message":"collection officialcharts deleted","timestamp":"12:02:52 AM"}
{"level":"info","message":"inserted songs to collection officialcharts","timestamp":"12:02:53 AM"}
{"level":"info","message":"Starting application","timestamp":"12:03:51 AM"}
{"level":"info","message":"Initializing connection to MongoDB","timestamp":"12:03:51 AM"}
{"level":"info","message":"App listening at http://:::98","timestamp":"12:03:53 AM"}
{"level":"info","message":"Successfuly connected to MongoDB","timestamp":"12:03:54 AM"}
{"level":"info","message":"Starting application","timestamp":"12:05:25 AM"}
{"level":"info","message":"Initializing connection to MongoDB","timestamp":"12:05:25 AM"}
{"level":"info","message":"App listening at http://:::98","timestamp":"12:05:27 AM"}
{"level":"info","message":"Successfuly connected to MongoDB","timestamp":"12:05:27 AM"}
{"level":"info","message":"Got a connection from IP address::1 to scrape websites and save them to DB","timestamp":"12:05:38 AM"}
{"level":"info","message":"Web scrapping initialized","timestamp":"12:05:38 AM"}
{"level":"info","message":"http://www.officialcharts.com/chart-news/the-official-top-40-biggest-songs-of-2017-so-far__18652/ successfuly scraped.","timestamp":"12:05:42 AM"}
{"level":"info","message":"collection officialcharts deleted","timestamp":"12:05:42 AM"}
{"level":"info","message":"inserted songs to collection officialcharts","timestamp":"12:05:43 AM"}
{"level":"info","message":"Starting application","timestamp":"12:06:34 AM"}
{"level":"info","message":"Initializing connection to MongoDB","timestamp":"12:06:34 AM"}
{"level":"info","message":"App listening at http://:::98","timestamp":"12:06:36 AM"}
{"level":"info","message":"Successfuly connected to MongoDB","timestamp":"12:06:37 AM"}
{"level":"info","message":"Got a connection from IP address::1 to scrape websites and save them to DB","timestamp":"12:06:40 AM"}
{"level":"info","message":"Web scrapping initialized","timestamp":"12:06:40 AM"}
{"level":"info","message":"http://www.officialcharts.com/chart-news/the-official-top-40-biggest-songs-of-2017-so-far__18652/ successfuly scraped.","timestamp":"12:06:45 AM"}
{"level":"info","message":"collection officialcharts deleted","timestamp":"12:06:45 AM"}
{"level":"info","message":"inserted songs to collection officialcharts","timestamp":"12:06:46 AM"}
{"level":"info","message":"Starting application","timestamp":"12:08:51 AM"}
{"level":"info","message":"Initializing connection to MongoDB","timestamp":"12:08:51 AM"}
{"level":"info","message":"App listening at http://:::98","timestamp":"12:08:53 AM"}
{"level":"info","message":"Successfuly connected to MongoDB","timestamp":"12:08:54 AM"}
{"level":"info","message":"Got a connection from IP address::1 to scrape websites and save them to DB","timestamp":"12:08:55 AM"}
{"level":"info","message":"Web scrapping initialized","timestamp":"12:08:55 AM"}
{"level":"info","message":"http://www.officialcharts.com/chart-news/the-official-top-40-biggest-songs-of-2017-so-far__18652/ successfuly scraped.","timestamp":"12:08:59 AM"}
{"level":"info","message":"collection officialcharts deleted","timestamp":"12:08:59 AM"}
{"level":"info","message":"inserted songs to collection officialcharts","timestamp":"12:09:00 AM"}
{"level":"info","message":"Starting application","timestamp":"12:09:19 AM"}
{"level":"info","message":"Initializing connection to MongoDB","timestamp":"12:09:19 AM"}
{"level":"info","message":"App listening at http://:::98","timestamp":"12:09:21 AM"}
{"level":"info","message":"Successfuly connected to MongoDB","timestamp":"12:09:21 AM"}
{"level":"info","message":"Starting application","timestamp":"12:10:03 AM"}
{"level":"info","message":"Initializing connection to MongoDB","timestamp":"12:10:03 AM"}
{"level":"info","message":"App listening at http://:::98","timestamp":"12:10:05 AM"}
{"level":"info","message":"Got a connection from IP address::ffff:127.0.0.1 to scrape websites and save them to DB","timestamp":"12:10:06 AM"}
{"level":"info","message":"Web scrapping initialized","timestamp":"12:10:06 AM"}
{"level":"info","message":"Starting application","timestamp":"12:10:24 AM"}
{"level":"info","message":"Initializing connection to MongoDB","timestamp":"12:10:24 AM"}
{"level":"info","message":"App listening at http://:::98","timestamp":"12:10:26 AM"}
{"level":"info","message":"Successfuly connected to MongoDB","timestamp":"12:10:26 AM"}
{"level":"info","message":"Starting application","timestamp":"12:12:26 AM"}
{"level":"info","message":"Initializing connection to MongoDB","timestamp":"12:12:26 AM"}
{"level":"info","message":"App listening at http://:::98","timestamp":"12:12:28 AM"}
{"level":"info","message":"Successfuly connected to MongoDB","timestamp":"12:12:29 AM"}
{"level":"info","message":"Got a connection from IP address::1 to scrape websites and save them to DB","timestamp":"12:12:32 AM"}
{"level":"info","message":"Web scrapping initialized","timestamp":"12:12:32 AM"}
{"level":"info","message":"http://www.officialcharts.com/chart-news/the-official-top-40-biggest-songs-of-2017-so-far__18652/ successfuly scraped.","timestamp":"12:12:37 AM"}
{"level":"info","message":"collection officialcharts deleted","timestamp":"12:12:37 AM"}
{"level":"info","message":"inserted songs to collection officialcharts","timestamp":"12:12:38 AM"}
{"level":"info","message":"Starting application","timestamp":"12:12:59 AM"}
{"level":"info","message":"Initializing connection to MongoDB","timestamp":"12:12:59 AM"}
{"level":"info","message":"App listening at http://:::98","timestamp":"12:13:01 AM"}
{"level":"info","message":"Successfuly connected to MongoDB","timestamp":"12:13:02 AM"}
{"level":"info","message":"Got a connection from IP address::1 to scrape websites and save them to DB","timestamp":"12:13:03 AM"}
{"level":"info","message":"Web scrapping initialized","timestamp":"12:13:03 AM"}
{"level":"info","message":"http://www.officialcharts.com/chart-news/the-official-top-40-biggest-songs-of-2017-so-far__18652/ successfuly scraped.","timestamp":"12:13:09 AM"}
{"level":"info","message":"collection officialcharts deleted","timestamp":"12:13:09 AM"}
{"level":"info","message":"inserted songs to collection officialcharts","timestamp":"12:13:17 AM"}
{"level":"info","message":"Starting application","timestamp":"12:13:32 AM"}
{"level":"info","message":"Initializing connection to MongoDB","timestamp":"12:13:32 AM"}
{"level":"info","message":"App listening at http://:::98","timestamp":"12:13:35 AM"}
{"level":"info","message":"Successfuly connected to MongoDB","timestamp":"12:13:36 AM"}
{"level":"info","message":"Starting application","timestamp":"12:13:46 AM"}
{"level":"info","message":"Initializing connection to MongoDB","timestamp":"12:13:46 AM"}
{"level":"info","message":"App listening at http://:::98","timestamp":"12:13:48 AM"}
{"level":"info","message":"Got a connection from IP address::1 to scrape websites and save them to DB","timestamp":"12:13:48 AM"}
{"level":"info","message":"Web scrapping initialized","timestamp":"12:13:49 AM"}
{"level":"info","message":"Successfuly connected to MongoDB","timestamp":"12:13:50 AM"}
{"level":"info","message":"http://www.officialcharts.com/chart-news/the-official-top-40-biggest-songs-of-2017-so-far__18652/ successfuly scraped.","timestamp":"12:13:52 AM"}
{"level":"info","message":"collection officialcharts deleted","timestamp":"12:13:52 AM"}
{"level":"info","message":"inserted songs to collection officialcharts","timestamp":"12:13:53 AM"}
{"level":"info","message":"Starting application","timestamp":"12:15:09 AM"}
{"level":"info","message":"Initializing connection to MongoDB","timestamp":"12:15:09 AM"}
{"level":"info","message":"App listening at http://:::98","timestamp":"12:15:11 AM"}
{"level":"info","message":"Successfuly connected to MongoDB","timestamp":"12:15:11 AM"}
{"level":"info","message":"Got a connection from IP address::1 to scrape websites and save them to DB","timestamp":"12:15:20 AM"}
{"level":"info","message":"Web scrapping initialized","timestamp":"12:15:20 AM"}
{"level":"info","message":"http://www.officialcharts.com/chart-news/the-official-top-40-biggest-songs-of-2017-so-far__18652/ successfuly scraped.","timestamp":"12:15:23 AM"}
{"level":"info","message":"collection officialcharts deleted","timestamp":"12:15:23 AM"}
{"level":"info","message":"inserted songs to collection officialcharts","timestamp":"12:15:24 AM"}
{"level":"info","message":"Starting application","timestamp":"12:18:15 AM"}
{"level":"info","message":"Initializing connection to MongoDB","timestamp":"12:18:15 AM"}
{"level":"info","message":"App listening at http://:::98","timestamp":"12:18:18 AM"}
{"level":"info","message":"Successfuly connected to MongoDB","timestamp":"12:18:18 AM"}
{"level":"info","message":"Got a connection from IP address::1 to scrape websites and save them to DB","timestamp":"12:18:23 AM"}
{"level":"info","message":"Web scrapping initialized","timestamp":"12:18:23 AM"}
{"level":"info","message":"Starting application","timestamp":"12:20:09 AM"}
{"level":"info","message":"Initializing connection to MongoDB","timestamp":"12:20:09 AM"}
{"level":"info","message":"App listening at http://:::98","timestamp":"12:20:11 AM"}
{"level":"info","message":"Successfuly connected to MongoDB","timestamp":"12:20:11 AM"}
{"level":"info","message":"Starting application","timestamp":"12:20:39 AM"}
{"level":"info","message":"Initializing connection to MongoDB","timestamp":"12:20:39 AM"}
{"level":"info","message":"App listening at http://:::98","timestamp":"12:20:41 AM"}
{"level":"info","message":"Got a connection from IP address::1 to scrape websites and save them to DB","timestamp":"12:20:42 AM"}
{"level":"info","message":"Web scrapping initialized","timestamp":"12:20:42 AM"}
{"level":"info","message":"Successfuly connected to MongoDB","timestamp":"12:20:42 AM"}
{"level":"info","message":"http://www.officialcharts.com/chart-news/the-official-top-40-biggest-songs-of-2017-so-far__18652/ successfuly scraped.","timestamp":"12:20:46 AM"}
{"level":"info","message":"collection officialcharts deleted","timestamp":"12:20:46 AM"}
{"level":"info","message":"inserted songs to collection officialcharts","timestamp":"12:20:47 AM"}
{"level":"info","message":"Starting application","timestamp":"12:23:35 AM"}
{"level":"info","message":"Initializing connection to MongoDB","timestamp":"12:23:35 AM"}
{"level":"info","message":"App listening at http://:::98","timestamp":"12:23:37 AM"}
{"level":"info","message":"Got a connection from IP address::1 to scrape websites and save them to DB","timestamp":"12:23:38 AM"}
{"level":"info","message":"Web scrapping initialized","timestamp":"12:23:38 AM"}
{"level":"info","message":"Successfuly connected to MongoDB","timestamp":"12:23:38 AM"}
{"level":"info","message":"http://www.officialcharts.com/chart-news/the-official-top-40-biggest-songs-of-2017-so-far__18652/ successfuly scraped.","timestamp":"12:23:41 AM"}
{"level":"info","message":"collection officialcharts deleted","timestamp":"12:23:41 AM"}
{"level":"info","message":"inserted songs to collection officialcharts","timestamp":"12:23:42 AM"}
{"level":"info","message":"Starting application","timestamp":"12:36:15 AM"}
{"level":"info","message":"Initializing connection to MongoDB","timestamp":"12:36:15 AM"}
{"level":"info","message":"App listening at http://:::98","timestamp":"12:36:18 AM"}
{"level":"info","message":"Successfuly connected to MongoDB","timestamp":"12:36:19 AM"}
{"level":"info","message":"Got a connection from IP address::1 to scrape websites and save them to DB","timestamp":"12:36:28 AM"}
{"level":"info","message":"Web scrapping initialized","timestamp":"12:36:28 AM"}
{"level":"info","message":"Starting application","timestamp":"12:57:30 AM"}
{"level":"info","message":"Initializing connection to MongoDB","timestamp":"12:57:30 AM"}
{"level":"info","message":"App listening at http://:::98","timestamp":"12:57:34 AM"}
{"level":"info","message":"Got a connection from IP address::1 to scrape websites and save them to DB","timestamp":"12:57:34 AM"}
{"level":"info","message":"Web scrapping initialized","timestamp":"12:57:34 AM"}
{"level":"info","message":"Successfuly connected to MongoDB","timestamp":"12:57:35 AM"}
{"level":"info","message":"http://www.officialcharts.com/chart-news/the-official-top-40-biggest-songs-of-2017-so-far__18652/ successfuly scraped.","timestamp":"12:57:38 AM"}
{"level":"info","message":"collection officialcharts deleted","timestamp":"12:57:38 AM"}
{"level":"info","message":"inserted songs to collection officialcharts","timestamp":"12:57:39 AM"}
{"level":"info","message":"Got a connection from IP address::1 to scrape websites and save them to DB","timestamp":"12:57:52 AM"}
{"level":"info","message":"Web scrapping initialized","timestamp":"12:57:52 AM"}
{"level":"info","message":"http://www.officialcharts.com/chart-news/the-official-top-40-biggest-songs-of-2017-so-far__18652/ successfuly scraped.","timestamp":"12:57:55 AM"}
{"level":"info","message":"collection officialcharts deleted","timestamp":"12:57:55 AM"}
{"level":"info","message":"inserted songs to collection officialcharts","timestamp":"12:57:55 AM"}
{"level":"info","message":"Starting application","timestamp":"12:59:14 AM"}
{"level":"info","message":"Initializing connection to MongoDB","timestamp":"12:59:14 AM"}
{"level":"info","message":"App listening at http://:::98","timestamp":"12:59:19 AM"}
{"level":"info","message":"Successfuly connected to MongoDB","timestamp":"12:59:20 AM"}
{"level":"info","message":"Got a connection from IP address::1 to scrape websites and save them to DB","timestamp":"12:59:21 AM"}
{"level":"info","message":"Web scrapping initialized","timestamp":"12:59:21 AM"}
{"level":"info","message":"http://www.officialcharts.com/chart-news/the-official-top-40-biggest-songs-of-2017-so-far__18652/ successfuly scraped.","timestamp":"12:59:26 AM"}
{"level":"info","message":"collection officialcharts deleted","timestamp":"12:59:26 AM"}
{"level":"info","message":"inserted songs to collection officialcharts","timestamp":"12:59:27 AM"}
{"level":"info","message":"Starting application","timestamp":"1:00:13 AM"}
{"level":"info","message":"Initializing connection to MongoDB","timestamp":"1:00:13 AM"}
{"level":"info","message":"App listening at http://:::98","timestamp":"1:00:15 AM"}
{"level":"info","message":"Successfuly connected to MongoDB","timestamp":"1:00:15 AM"}
{"level":"info","message":"Starting application","timestamp":"1:05:19 AM"}
{"level":"info","message":"Initializing connection to MongoDB","timestamp":"1:05:19 AM"}
{"level":"info","message":"App listening at http://:::98","timestamp":"1:05:21 AM"}
{"level":"info","message":"Successfuly connected to MongoDB","timestamp":"1:05:22 AM"}
{"level":"info","message":"Got a connection from IP address::1 to scrape websites and save them to DB","timestamp":"1:05:29 AM"}
{"level":"info","message":"Web scrapping initialized","timestamp":"1:05:29 AM"}
{"level":"info","message":"Starting application","timestamp":"1:05:58 AM"}
{"level":"info","message":"Initializing connection to MongoDB","timestamp":"1:05:58 AM"}
{"level":"info","message":"App listening at http://:::98","timestamp":"1:06:01 AM"}
{"level":"info","message":"Got a connection from IP address::ffff:127.0.0.1 to scrape websites and save them to DB","timestamp":"1:06:01 AM"}
{"level":"info","message":"Web scrapping initialized","timestamp":"1:06:01 AM"}
{"level":"info","message":"Successfuly connected to MongoDB","timestamp":"1:06:02 AM"}
{"level":"info","message":"Starting application","timestamp":"1:06:45 AM"}
{"level":"info","message":"Initializing connection to MongoDB","timestamp":"1:06:45 AM"}
{"level":"info","message":"App listening at http://:::98","timestamp":"1:06:47 AM"}
{"level":"info","message":"Successfuly connected to MongoDB","timestamp":"1:06:48 AM"}
{"level":"info","message":"Got a connection from IP address::ffff:127.0.0.1 to scrape websites and save them to DB","timestamp":"1:06:49 AM"}
{"level":"info","message":"Web scrapping initialized","timestamp":"1:06:49 AM"}
{"level":"info","message":"Starting application","timestamp":"1:07:35 AM"}
{"level":"info","message":"Initializing connection to MongoDB","timestamp":"1:07:35 AM"}
{"level":"info","message":"App listening at http://:::98","timestamp":"1:07:39 AM"}
{"level":"info","message":"Successfuly connected to MongoDB","timestamp":"1:07:40 AM"}
{"level":"info","message":"Got a connection from IP address::1 to scrape websites and save them to DB","timestamp":"1:07:43 AM"}
{"level":"info","message":"Web scrapping initialized","timestamp":"1:07:43 AM"}
{"level":"info","message":"Starting application","timestamp":"1:25:25 AM"}
{"level":"info","message":"Initializing connection to MongoDB","timestamp":"1:25:25 AM"}
{"level":"info","message":"App listening at http://:::98","timestamp":"1:25:26 AM"}
{"level":"info","message":"Successfuly connected to MongoDB","timestamp":"1:25:27 AM"}
{"level":"info","message":"Got a connection from IP address::1 to scrape websites and save them to DB","timestamp":"1:25:31 AM"}
{"level":"info","message":"Web scrapping initialized","timestamp":"1:25:31 AM"}
{"level":"info","message":"Starting application","timestamp":"1:26:57 AM"}
{"level":"info","message":"Initializing connection to MongoDB","timestamp":"1:26:57 AM"}
{"level":"info","message":"App listening at http://:::98","timestamp":"1:26:59 AM"}
{"level":"info","message":"Successfuly connected to MongoDB","timestamp":"1:27:00 AM"}
{"level":"info","message":"Starting application","timestamp":"1:27:13 AM"}
{"level":"info","message":"Initializing connection to MongoDB","timestamp":"1:27:13 AM"}
{"level":"info","message":"App listening at http://:::98","timestamp":"1:27:15 AM"}
{"level":"info","message":"Successfuly connected to MongoDB","timestamp":"1:27:15 AM"}
{"level":"info","message":"Starting application","timestamp":"1:27:20 AM"}
{"level":"info","message":"Initializing connection to MongoDB","timestamp":"1:27:20 AM"}
{"level":"info","message":"App listening at http://:::98","timestamp":"1:27:22 AM"}
{"level":"info","message":"Successfuly connected to MongoDB","timestamp":"1:27:22 AM"}
{"level":"info","message":"Got a connection from IP address::1 to scrape websites and save them to DB","timestamp":"1:27:26 AM"}
{"level":"info","message":"Web scrapping initialized","timestamp":"1:27:26 AM"}
{"level":"info","message":"Starting application","timestamp":"1:27:51 AM"}
{"level":"info","message":"Initializing connection to MongoDB","timestamp":"1:27:51 AM"}
{"level":"info","message":"App listening at http://:::98","timestamp":"1:27:53 AM"}
{"level":"info","message":"Successfuly connected to MongoDB","timestamp":"1:27:54 AM"}
{"level":"info","message":"Got a connection from IP address::1 to scrape websites and save them to DB","timestamp":"1:28:09 AM"}
{"level":"info","message":"Web scrapping initialized","timestamp":"1:28:09 AM"}
{"level":"info","message":"Starting application","timestamp":"1:29:34 AM"}
{"level":"info","message":"Initializing connection to MongoDB","timestamp":"1:29:34 AM"}
{"level":"info","message":"App listening at http://:::98","timestamp":"1:29:36 AM"}
{"level":"info","message":"Successfuly connected to MongoDB","timestamp":"1:29:36 AM"}
{"level":"info","message":"Starting application","timestamp":"1:30:04 AM"}
{"level":"info","message":"Initializing connection to MongoDB","timestamp":"1:30:04 AM"}
{"level":"info","message":"App listening at http://:::98","timestamp":"1:30:06 AM"}
{"level":"info","message":"Successfuly connected to MongoDB","timestamp":"1:30:06 AM"}
{"level":"info","message":"Starting application","timestamp":"1:30:37 AM"}
{"level":"info","message":"Initializing connection to MongoDB","timestamp":"1:30:37 AM"}
{"level":"info","message":"App listening at http://:::98","timestamp":"1:30:43 AM"}
{"level":"info","message":"Successfuly connected to MongoDB","timestamp":"1:30:44 AM"}
{"level":"info","message":"Got a connection from IP address::1 to scrape websites and save them to DB","timestamp":"1:30:44 AM"}
{"level":"info","message":"Web scrapping initialized","timestamp":"1:30:44 AM"}
{"level":"info","message":"http://www.officialcharts.com/chart-news/the-official-top-40-biggest-songs-of-2017-so-far__18652/ successfuly scraped.","timestamp":"1:30:47 AM"}
{"level":"info","message":"collection officialcharts deleted","timestamp":"1:30:47 AM"}
{"level":"info","message":"inserted songs to collection officialcharts","timestamp":"1:30:48 AM"}
{"level":"info","message":"Starting application","timestamp":"1:32:20 AM"}
{"level":"info","message":"Initializing connection to MongoDB","timestamp":"1:32:20 AM"}
{"level":"info","message":"App listening at http://:::98","timestamp":"1:32:22 AM"}
{"level":"info","message":"Successfuly connected to MongoDB","timestamp":"1:32:23 AM"}
{"level":"info","message":"Starting application","timestamp":"1:32:27 AM"}
{"level":"info","message":"Initializing connection to MongoDB","timestamp":"1:32:27 AM"}
{"level":"info","message":"App listening at http://:::98","timestamp":"1:32:30 AM"}
{"level":"info","message":"Got a connection from IP address::1 to scrape websites and save them to DB","timestamp":"1:32:30 AM"}
{"level":"info","message":"Web scrapping initialized","timestamp":"1:32:30 AM"}
{"level":"info","message":"Successfuly connected to MongoDB","timestamp":"1:32:30 AM"}
{"level":"info","message":"http://www.officialcharts.com/chart-news/the-official-top-40-biggest-songs-of-2017-so-far__18652/ successfuly scraped.","timestamp":"1:32:34 AM"}
{"level":"info","message":"collection officialcharts deleted","timestamp":"1:32:34 AM"}
{"level":"info","message":"inserted songs to collection officialcharts","timestamp":"1:32:34 AM"}
{"level":"info","message":"Starting application","timestamp":"1:34:29 AM"}
{"level":"info","message":"Initializing connection to MongoDB","timestamp":"1:34:29 AM"}
{"level":"info","message":"App listening at http://:::98","timestamp":"1:34:32 AM"}
{"level":"info","message":"Got a connection from IP address::ffff:127.0.0.1 to scrape websites and save them to DB","timestamp":"1:34:33 AM"}
{"level":"info","message":"Web scrapping initialized","timestamp":"1:34:33 AM"}
{"level":"info","message":"Successfuly connected to MongoDB","timestamp":"1:34:33 AM"}
{"level":"info","message":"http://www.officialcharts.com/chart-news/the-official-top-40-biggest-songs-of-2017-so-far__18652/ successfuly scraped.","timestamp":"1:34:37 AM"}
{"level":"info","message":"collection officialcharts deleted","timestamp":"1:34:37 AM"}
{"level":"info","message":"inserted songs to collection officialcharts","timestamp":"1:34:38 AM"}
{"level":"info","message":"Starting application","timestamp":"1:35:20 AM"}
{"level":"info","message":"Initializing connection to MongoDB","timestamp":"1:35:20 AM"}
{"level":"info","message":"App listening at http://:::98","timestamp":"1:35:22 AM"}
{"level":"info","message":"Successfuly connected to MongoDB","timestamp":"1:35:22 AM"}
{"level":"info","message":"Got a connection from IP address::ffff:127.0.0.1 to scrape websites and save them to DB","timestamp":"1:35:25 AM"}
{"level":"info","message":"Web scrapping initialized","timestamp":"1:35:25 AM"}
{"level":"info","message":"http://www.officialcharts.com/chart-news/the-official-top-40-biggest-songs-of-2017-so-far__18652/ successfuly scraped.","timestamp":"1:35:29 AM"}
{"level":"info","message":"collection officialcharts deleted","timestamp":"1:35:29 AM"}
{"level":"info","message":"inserted songs to collection officialcharts","timestamp":"1:35:29 AM"}
{"level":"info","message":"Starting application","timestamp":"1:37:34 AM"}
{"level":"info","message":"Initializing connection to MongoDB","timestamp":"1:37:34 AM"}
{"level":"info","message":"App listening at http://:::98","timestamp":"1:37:36 AM"}
{"level":"info","message":"Successfuly connected to MongoDB","timestamp":"1:37:37 AM"}
{"level":"info","message":"Got a connection from IP address::ffff:127.0.0.1 to scrape websites and save them to DB","timestamp":"1:37:37 AM"}
{"level":"info","message":"Web scrapping initialized","timestamp":"1:37:37 AM"}
{"level":"info","message":"http://www.officialcharts.com/chart-news/the-official-top-40-biggest-songs-of-2017-so-far__18652/ successfuly scraped.","timestamp":"1:37:41 AM"}
{"level":"info","message":"collection officialcharts deleted","timestamp":"1:37:41 AM"}
{"level":"info","message":"inserted songs to collection officialcharts","timestamp":"1:37:41 AM"}
{"level":"info","message":"Starting application","timestamp":"1:38:08 AM"}
{"level":"info","message":"Initializing connection to MongoDB","timestamp":"1:38:08 AM"}
{"level":"info","message":"App listening at http://:::98","timestamp":"1:38:11 AM"}
{"level":"info","message":"Got a connection from IP address::ffff:127.0.0.1 to scrape websites and save them to DB","timestamp":"1:38:12 AM"}
{"level":"info","message":"Web scrapping initialized","timestamp":"1:38:12 AM"}
{"level":"info","message":"Successfuly connected to MongoDB","timestamp":"1:38:12 AM"}
{"level":"info","message":"http://www.officialcharts.com/chart-news/the-official-top-40-biggest-songs-of-2017-so-far__18652/ successfuly scraped.","timestamp":"1:38:15 AM"}
{"level":"info","message":"collection officialcharts deleted","timestamp":"1:38:15 AM"}
{"level":"info","message":"inserted songs to collection officialcharts","timestamp":"1:38:16 AM"}
{"level":"info","message":"Starting application","timestamp":"1:38:55 AM"}
{"level":"info","message":"Initializing connection to MongoDB","timestamp":"1:38:55 AM"}
{"level":"info","message":"App listening at http://:::98","timestamp":"1:38:57 AM"}
{"level":"info","message":"Got a connection from IP address::ffff:127.0.0.1 to scrape websites and save them to DB","timestamp":"1:38:58 AM"}
{"level":"info","message":"Web scrapping initialized","timestamp":"1:38:58 AM"}
{"level":"info","message":"Successfuly connected to MongoDB","timestamp":"1:38:58 AM"}
{"level":"info","message":"http://www.officialcharts.com/chart-news/the-official-top-40-biggest-songs-of-2017-so-far__18652/ successfuly scraped.","timestamp":"1:39:02 AM"}
{"level":"info","message":"collection officialcharts deleted","timestamp":"1:39:02 AM"}
{"level":"info","message":"inserted songs to collection officialcharts","timestamp":"1:39:02 AM"}
{"level":"info","message":"Got a connection from IP address::ffff:127.0.0.1 to scrape websites and save them to DB","timestamp":"1:40:02 AM"}
{"level":"info","message":"Web scrapping initialized","timestamp":"1:40:02 AM"}
{"level":"info","message":"http://www.officialcharts.com/chart-news/the-official-top-40-biggest-songs-of-2017-so-far__18652/ successfuly scraped.","timestamp":"1:40:06 AM"}
{"level":"info","message":"collection officialcharts deleted","timestamp":"1:40:06 AM"}
{"level":"info","message":"inserted songs to collection officialcharts","timestamp":"1:40:06 AM"}
{"level":"info","message":"Starting application","timestamp":"1:40:42 AM"}
{"level":"info","message":"Initializing connection to MongoDB","timestamp":"1:40:42 AM"}
{"level":"info","message":"App listening at http://:::98","timestamp":"1:40:44 AM"}
{"level":"info","message":"Successfuly connected to MongoDB","timestamp":"1:40:45 AM"}
{"level":"info","message":"Got a connection from IP address::1 to scrape websites and save them to DB","timestamp":"1:40:46 AM"}
{"level":"info","message":"Web scrapping initialized","timestamp":"1:40:46 AM"}
{"level":"info","message":"http://www.officialcharts.com/chart-news/the-official-top-40-biggest-songs-of-2017-so-far__18652/ successfuly scraped.","timestamp":"1:40:50 AM"}
{"level":"info","message":"collection officialcharts deleted","timestamp":"1:40:50 AM"}
{"level":"info","message":"inserted songs to collection officialcharts","timestamp":"1:40:50 AM"}
{"level":"info","message":"Starting application","timestamp":"1:41:15 AM"}
{"level":"info","message":"Initializing connection to MongoDB","timestamp":"1:41:15 AM"}
{"level":"info","message":"App listening at http://:::98","timestamp":"1:41:17 AM"}
{"level":"info","message":"Successfuly connected to MongoDB","timestamp":"1:41:18 AM"}
{"level":"info","message":"Got a connection from IP address::1 to scrape websites and save them to DB","timestamp":"1:41:19 AM"}
{"level":"info","message":"Web scrapping initialized","timestamp":"1:41:19 AM"}
{"level":"info","message":"http://www.officialcharts.com/chart-news/the-official-top-40-biggest-songs-of-2017-so-far__18652/ successfuly scraped.","timestamp":"1:41:22 AM"}
{"level":"info","message":"collection officialcharts deleted","timestamp":"1:41:22 AM"}
{"level":"info","message":"inserted songs to collection officialcharts","timestamp":"1:41:23 AM"}
{"level":"info","message":"Got a connection from IP address::1 to scrape websites and save them to DB","timestamp":"1:42:30 AM"}
{"level":"info","message":"Web scrapping initialized","timestamp":"1:42:30 AM"}
{"level":"info","message":"http://www.officialcharts.com/chart-news/the-official-top-40-biggest-songs-of-2017-so-far__18652/ successfuly scraped.","timestamp":"1:42:33 AM"}
{"level":"info","message":"collection officialcharts deleted","timestamp":"1:42:33 AM"}
{"level":"info","message":"inserted songs to collection officialcharts","timestamp":"1:42:33 AM"}
{"level":"info","message":"Starting application","timestamp":"1:45:52 AM"}
{"level":"info","message":"Initializing connection to MongoDB","timestamp":"1:45:52 AM"}
{"level":"info","message":"App listening at http://:::98","timestamp":"1:45:55 AM"}
{"level":"info","message":"Successfuly connected to MongoDB","timestamp":"1:45:56 AM"}
{"level":"info","message":"Got a connection from IP address::1 to scrape websites and save them to DB","timestamp":"1:46:02 AM"}
{"level":"info","message":"Web scrapping initialized","timestamp":"1:46:02 AM"}
{"level":"info","message":"http://www.officialcharts.com/chart-news/the-official-top-40-biggest-songs-of-2017-so-far__18652/ successfuly scraped.","timestamp":"1:46:06 AM"}
{"level":"info","message":"collection officialcharts deleted","timestamp":"1:46:06 AM"}
{"level":"info","message":"inserted songs to collection officialcharts","timestamp":"1:46:06 AM"}
{"level":"info","message":"Starting application","timestamp":"1:46:34 AM"}
{"level":"info","message":"Initializing connection to MongoDB","timestamp":"1:46:34 AM"}
{"level":"info","message":"App listening at http://:::98","timestamp":"1:46:37 AM"}
{"level":"info","message":"Got a connection from IP address::1 to scrape websites and save them to DB","timestamp":"1:46:37 AM"}
{"level":"info","message":"Web scrapping initialized","timestamp":"1:46:37 AM"}
{"level":"info","message":"Successfuly connected to MongoDB","timestamp":"1:46:38 AM"}
{"level":"info","message":"http://www.officialcharts.com/chart-news/the-official-top-40-biggest-songs-of-2017-so-far__18652/ successfuly scraped.","timestamp":"1:46:41 AM"}
{"level":"info","message":"collection officialcharts deleted","timestamp":"1:46:41 AM"}
{"level":"info","message":"inserted songs to collection officialcharts","timestamp":"1:46:42 AM"}
{"level":"info","message":"Starting application","timestamp":"4:07:01 AM"}
{"level":"info","message":"Initializing connection to MongoDB","timestamp":"4:07:01 AM"}
{"level":"info","message":"App listening at http://:::98","timestamp":"4:07:04 AM"}
{"level":"info","message":"Successfuly connected to MongoDB","timestamp":"4:07:05 AM"}
{"level":"info","message":"Starting application","timestamp":"4:09:43 AM"}
{"level":"info","message":"Initializing connection to MongoDB","timestamp":"4:09:43 AM"}
{"level":"info","message":"App listening at http://:::98","timestamp":"4:09:46 AM"}
{"level":"info","message":"Successfuly connected to MongoDB","timestamp":"4:09:47 AM"}
{"level":"info","message":"Starting application","timestamp":"4:11:25 AM"}
{"level":"info","message":"Initializing connection to MongoDB","timestamp":"4:11:25 AM"}
{"level":"info","message":"App listening at http://:::98","timestamp":"4:11:28 AM"}
{"level":"info","message":"Successfuly connected to MongoDB","timestamp":"4:11:29 AM"}
{"level":"info","message":"Starting application","timestamp":"4:12:13 AM"}
{"level":"info","message":"Initializing connection to MongoDB","timestamp":"4:12:13 AM"}
{"level":"info","message":"App listening at http://:::98","timestamp":"4:12:16 AM"}
{"level":"info","message":"Successfuly connected to MongoDB","timestamp":"4:12:17 AM"}
{"level":"info","message":"Starting application","timestamp":"4:15:42 AM"}
{"level":"info","message":"Initializing connection to MongoDB","timestamp":"4:15:42 AM"}
{"level":"info","message":"App listening at http://:::98","timestamp":"4:15:45 AM"}
{"level":"info","message":"Successfuly connected to MongoDB","timestamp":"4:15:46 AM"}
{"level":"info","message":"Starting application","timestamp":"12:11:39 PM"}
{"level":"info","message":"Initializing connection to MongoDB","timestamp":"12:11:39 PM"}
{"level":"info","message":"App listening at http://:::98","timestamp":"12:11:45 PM"}
{"level":"info","message":"Successfuly connected to MongoDB","timestamp":"12:11:46 PM"}
{"level":"info","message":"Got a connection from IP address::1 to scrape websites and save them to DB","timestamp":"12:12:04 PM"}
{"level":"info","message":"Web scrapping initialized","timestamp":"12:12:04 PM"}
{"level":"info","message":"http://www.officialcharts.com/chart-news/the-official-top-40-biggest-songs-of-2017-so-far__18652/ successfuly scraped.","timestamp":"12:12:08 PM"}
{"level":"info","message":"collection officialcharts deleted","timestamp":"12:12:08 PM"}
{"level":"info","message":"inserted songs to collection officialcharts","timestamp":"12:12:09 PM"}
{"level":"info","message":"Starting application","timestamp":"12:12:27 PM"}
{"level":"info","message":"Initializing connection to MongoDB","timestamp":"12:12:27 PM"}
{"level":"info","message":"App listening at http://:::98","timestamp":"12:12:29 PM"}
{"level":"info","message":"Successfuly connected to MongoDB","timestamp":"12:12:29 PM"}
{"level":"info","message":"Starting application","timestamp":"12:13:09 PM"}
{"level":"info","message":"Initializing connection to MongoDB","timestamp":"12:13:09 PM"}
{"level":"info","message":"App listening at http://:::98","timestamp":"12:13:15 PM"}
{"level":"info","message":"Successfuly connected to MongoDB","timestamp":"12:13:15 PM"}
{"level":"info","message":"Got a connection from IP address::1 to scrape websites and save them to DB","timestamp":"12:13:35 PM"}
{"level":"info","message":"Web scrapping initialized","timestamp":"12:13:35 PM"}
{"level":"info","message":"http://www.officialcharts.com/chart-news/the-official-top-40-biggest-songs-of-2017-so-far__18652/ successfuly scraped.","timestamp":"12:13:41 PM"}
{"level":"info","message":"collection officialcharts deleted","timestamp":"12:13:41 PM"}
{"level":"info","message":"inserted songs to collection officialcharts","timestamp":"12:13:42 PM"}
{"level":"info","message":"Starting application","timestamp":"12:14:55 PM"}
{"level":"info","message":"Initializing connection to MongoDB","timestamp":"12:14:55 PM"}
{"level":"info","message":"App listening at http://:::98","timestamp":"12:14:57 PM"}
{"level":"info","message":"Successfuly connected to MongoDB","timestamp":"12:14:58 PM"}
{"level":"info","message":"Got a connection from IP address::1 to scrape websites and save them to DB","timestamp":"12:15:05 PM"}
{"level":"info","message":"Web scrapping initialized","timestamp":"12:15:05 PM"}
{"level":"info","message":"http://www.officialcharts.com/chart-news/the-official-top-40-biggest-songs-of-2017-so-far__18652/ successfuly scraped.","timestamp":"12:15:09 PM"}
{"level":"info","message":"collection officialcharts deleted","timestamp":"12:15:09 PM"}
{"level":"info","message":"inserted songs to collection officialcharts","timestamp":"12:15:10 PM"}
{"level":"info","message":"Starting application","timestamp":"12:33:39 PM"}
{"level":"info","message":"Initializing connection to MongoDB","timestamp":"12:33:39 PM"}
{"level":"info","message":"App listening at http://:::98","timestamp":"12:33:43 PM"}
{"level":"info","message":"Successfuly connected to MongoDB","timestamp":"12:33:44 PM"}
{"level":"info","message":"Starting application","timestamp":"12:35:48 PM"}
{"level":"info","message":"Initializing connection to MongoDB","timestamp":"12:35:48 PM"}
{"level":"info","message":"App listening at http://:::98","timestamp":"12:35:50 PM"}
{"level":"info","message":"Successfuly connected to MongoDB","timestamp":"12:35:50 PM"}
{"level":"info","message":"Starting application","timestamp":"12:36:12 PM"}
{"level":"info","message":"Initializing connection to MongoDB","timestamp":"12:36:12 PM"}
{"level":"info","message":"App listening at http://:::98","timestamp":"12:36:14 PM"}
{"level":"info","message":"Successfuly connected to MongoDB","timestamp":"12:36:14 PM"}
{"level":"info","message":"Starting application","timestamp":"12:36:27 PM"}
{"level":"info","message":"Initializing connection to MongoDB","timestamp":"12:36:27 PM"}
{"level":"info","message":"App listening at http://:::98","timestamp":"12:36:29 PM"}
{"level":"info","message":"Successfuly connected to MongoDB","timestamp":"12:36:30 PM"}
{"level":"info","message":"Starting application","timestamp":"12:36:44 PM"}
{"level":"info","message":"Initializing connection to MongoDB","timestamp":"12:36:44 PM"}
{"level":"info","message":"App listening at http://:::98","timestamp":"12:36:46 PM"}
{"level":"info","message":"Successfuly connected to MongoDB","timestamp":"12:36:46 PM"}
{"level":"info","message":"Got a connection from IP address::1 to scrape websites and save them to DB","timestamp":"12:36:53 PM"}
{"level":"info","message":"Web scrapping initialized","timestamp":"12:36:53 PM"}
{"level":"info","message":"http://www.officialcharts.com/chart-news/the-official-top-40-biggest-songs-of-2017-so-far__18652/ successfuly scraped.","timestamp":"12:36:57 PM"}
{"level":"info","message":"collection officialcharts deleted","timestamp":"12:36:57 PM"}
{"level":"info","message":"inserted songs to collection officialcharts","timestamp":"12:36:58 PM"}
{"level":"info","message":"Starting application","timestamp":"12:48:27 PM"}
{"level":"info","message":"Initializing connection to MongoDB","timestamp":"12:48:27 PM"}
{"level":"info","message":"App listening at http://:::98","timestamp":"12:48:30 PM"}
{"level":"info","message":"Successfuly connected to MongoDB","timestamp":"12:48:30 PM"}
{"level":"info","message":"Got a connection from IP address::1 to scrape websites and save them to DB","timestamp":"12:48:37 PM"}
{"level":"info","message":"Got a connection from IP address::1 to scrape websites and save them to DB","timestamp":"12:48:40 PM"}
